生成启动时间为 2016/4/7 14:42:43。
     1>项目“D:\GitHub\7zStudy\C\Util\7z\7z.vcxproj”在节点 2 上(Build 个目标)。
     1>ClCompile:
         D:\Programme\VisualStudio\VC\bin\CL.exe /c /ZI /nologo /W4 /WX- /Od /Oy- /D _DEBUG /D _SZ_ALLOC_DEBUG2 /D _SZ_NO_INT_64_A /D WIN32 /D _CONSOLE /D UNICODE /D _VC80_UPGRADE=0x0600 /D _UNICODE /D UNICODE /Gm /EHsc /RTC1 /MTd /GS /Gy- /fp:precise /Zc:wchar_t /Zc:forScope /Zc:inline /Yu"Precomp.h" /Fp".\Debug\7z.pch" /Fo".\Debug\\" /Fd".\Debug\vc140.pdb" /Gd /TC /analyze- /errorReport:prompt 7zMain.c
         7zMain.c
     1>d:\github\7zstudy\c\util\7z\7zmain.c(314): warning C4457: “s”的声明隐藏了函数参数
         d:\github\7zstudy\c\util\7z\7zmain.c(289): note: 参见“s”的声明
     1>C:\Program Files (x86)\MSBuild\Microsoft.Cpp\v4.0\V140\Microsoft.CppBuild.targets(1189,5): warning MSB8012: TargetPath(D:\GitHub\7zStudy\C\Util\7z\.\Debug\7z.exe) does not match the Linker's OutputFile property value (c:\util\7zDec.exe). This may cause your project to build incorrectly. To correct this, please make sure that $(OutDir), $(TargetName) and $(TargetExt) property values match the value specified in %(Link.OutputFile).
     1>C:\Program Files (x86)\MSBuild\Microsoft.Cpp\v4.0\V140\Microsoft.CppBuild.targets(1191,5): warning MSB8012: TargetName(7z) does not match the Linker's OutputFile property value (7zDec). This may cause your project to build incorrectly. To correct this, please make sure that $(OutDir), $(TargetName) and $(TargetExt) property values match the value specified in %(Link.OutputFile).
       Link:
         D:\Programme\VisualStudio\VC\bin\link.exe /ERRORREPORT:PROMPT /OUT:"c:\util\7zDec.exe" /INCREMENTAL /NOLOGO odbc32.lib odbccp32.lib kernel32.lib user32.lib gdi32.lib winspool.lib comdlg32.lib advapi32.lib shell32.lib ole32.lib oleaut32.lib uuid.lib odbc32.lib odbccp32.lib /MANIFEST /MANIFESTUAC:"level='asInvoker' uiAccess='false'" /manifest:embed /Debug /PDB:".\Debug\7z.pdb" /SUBSYSTEM:CONSOLE /TLBID:1 /DYNAMICBASE /NXCOMPAT /IMPLIB:".\Debug\7z.lib" /MACHINE:X86 /SAFESEH .\Debug\7zAlloc.obj
         .\Debug\7zArcIn.obj
         .\Debug\7zBuf.obj
         .\Debug\7zCrc.obj
         .\Debug\7zCrcOpt.obj
         .\Debug\7zDec.obj
         .\Debug\7zFile.obj
         .\Debug\7zStream.obj
         .\Debug\Bcj2.obj
         .\Debug\Bra.obj
         .\Debug\Bra86.obj
         .\Debug\BraIA64.obj
         .\Debug\CpuArch.obj
         .\Debug\Delta.obj
         .\Debug\Lzma2Dec.obj
         .\Debug\LzmaDec.obj
         .\Debug\Ppmd7.obj
         .\Debug\Ppmd7Dec.obj
         .\Debug\7zMain.obj
         .\Debug\Precomp.obj
         LINK : 没有找到 c:\util\7zDec.exe 或上一个增量链接没有生成它；正在执行完全链接
     1>7zAlloc.obj : warning LNK4075: 忽略“/EDITANDCONTINUE”(由于“/SAFESEH”规范)
         7z.vcxproj -> D:\GitHub\7zStudy\C\Util\7z\.\Debug\7z.exe
     1>已完成生成项目“D:\GitHub\7zStudy\C\Util\7z\7z.vcxproj”(Build 个目标)的操作。

已成功生成。

已用时间 00:00:02.51
