d:\github\7zstudy\cpp\7zip\bundles\format7zf\debug\format7z.pch
d:\github\7zstudy\cpp\7zip\bundles\format7zf\debug\vc140.pdb
d:\github\7zstudy\cpp\7zip\bundles\format7zf\debug\vc140.idb
d:\github\7zstudy\cpp\7zip\bundles\format7zf\debug\stdafx.obj
d:\github\7zstudy\cpp\7zip\bundles\format7zf\debug\lzma2enc.obj
d:\github\7zstudy\cpp\7zip\bundles\format7zf\debug\lzmadec.obj
d:\github\7zstudy\cpp\7zip\bundles\format7zf\debug\mtcoder.obj
d:\github\7zstudy\cpp\7zip\bundles\format7zf\debug\ppmd7.obj
d:\github\7zstudy\cpp\7zip\bundles\format7zf\debug\sha1.obj
d:\github\7zstudy\cpp\7zip\bundles\format7zf\debug\sha256.obj
d:\github\7zstudy\cpp\7zip\bundles\format7zf\debug\sort.obj
d:\github\7zstudy\cpp\7zip\bundles\format7zf\debug\threads.obj
d:\github\7zstudy\cpp\7zip\bundles\format7zf\debug\xz.obj
d:\github\7zstudy\cpp\7zip\bundles\format7zf\debug\xzcrc64.obj
d:\github\7zstudy\cpp\7zip\bundles\format7zf\debug\xzcrc64opt.obj
d:\github\7zstudy\cpp\7zip\bundles\format7zf\debug\xzdec.obj
d:\github\7zstudy\cpp\7zip\bundles\format7zf\debug\xzenc.obj
d:\github\7zstudy\cpp\7zip\bundles\format7zf\debug\xzin.obj
d:\github\7zstudy\cpp\7zip\bundles\format7zf\debug\7zbuf2.obj
d:\github\7zstudy\cpp\7zip\bundles\format7zf\debug\7zcrc.obj
d:\github\7zstudy\cpp\7zip\bundles\format7zf\debug\7zstream.obj
d:\github\7zstudy\cpp\7zip\bundles\format7zf\debug\aes.obj
d:\github\7zstudy\cpp\7zip\bundles\format7zf\debug\alloc.obj
d:\github\7zstudy\cpp\7zip\bundles\format7zf\debug\bcj2.obj
d:\github\7zstudy\cpp\7zip\bundles\format7zf\debug\bcj2enc.obj
d:\github\7zstudy\cpp\7zip\bundles\format7zf\debug\blake2s.obj
d:\github\7zstudy\cpp\7zip\bundles\format7zf\debug\bra.obj
d:\github\7zstudy\cpp\7zip\bundles\format7zf\debug\bra86.obj
d:\github\7zstudy\cpp\7zip\bundles\format7zf\debug\braia64.obj
d:\github\7zstudy\cpp\7zip\bundles\format7zf\debug\bwtsort.obj
d:\github\7zstudy\cpp\7zip\bundles\format7zf\debug\cpuarch.obj
d:\github\7zstudy\cpp\7zip\bundles\format7zf\debug\delta.obj
d:\github\7zstudy\cpp\7zip\bundles\format7zf\debug\lzfind.obj
d:\github\7zstudy\cpp\7zip\bundles\format7zf\debug\lzfindmt.obj
d:\github\7zstudy\cpp\7zip\bundles\format7zf\debug\lzma2dec.obj
d:\github\7zstudy\cpp\7zip\bundles\format7zf\debug\.obj
d:\github\7zstudy\cpp\7zip\bundles\format7zf\debug\7zcrcopt.obj
d:\github\7zstudy\cpp\7zip\bundles\format7zf\debug\aesopt.obj
d:\github\7zstudy\cpp\7zip\bundles\format7zf\debug\7z.tlog\cl.command.1.tlog
d:\github\7zstudy\cpp\7zip\bundles\format7zf\debug\7z.tlog\cl.read.1.tlog
d:\github\7zstudy\cpp\7zip\bundles\format7zf\debug\7z.tlog\cl.write.1.tlog
d:\github\7zstudy\cpp\7zip\bundles\format7zf\debug\7z.tlog\custombuild.command.1.tlog
d:\github\7zstudy\cpp\7zip\bundles\format7zf\debug\7z.tlog\custombuild.read.1.tlog
d:\github\7zstudy\cpp\7zip\bundles\format7zf\debug\7z.tlog\custombuild.write.1.tlog
