生成启动时间为 2016/4/25 15:58:07。
     1>项目“D:\GitHub\7zStudy\CPP\7zip\Bundles\Alone7z\Alone.vcxproj”在节点 2 上(Build 个目标)。
     1>ClCompile:
         D:\Programme\VisualStudio\VC\bin\CL.exe /c /I..\..\..\ /ZI /nologo /W3 /WX- /Od /Oy- /D _DEBUG /D WIN32 /D _CONSOLE /D _VC80_UPGRADE=0x0600 /D _MBCS /Gm /EHsc /RTC1 /MDd /GS /Gy- /fp:precise /Zc:wchar_t /Zc:forScope /Zc:inline /Yc"StdAfx.h" /Fp".\Debug\Alone.pch" /Fo".\Debug\\" /Fd".\Debug\vc140.pdb" /Gr /TP /analyze- /errorReport:prompt StdAfx.cpp
         StdAfx.cpp
         D:\Programme\VisualStudio\VC\bin\CL.exe /c /I..\..\..\ /ZI /nologo /W3 /WX- /Od /Oy- /D _DEBUG /D WIN32 /D _CONSOLE /D _VC80_UPGRADE=0x0600 /D _MBCS /Gm /EHsc /RTC1 /MDd /GS /Gy- /fp:precise /Zc:wchar_t /Zc:forScope /Zc:inline /Fo".\Debug\\" /Fd".\Debug\vc140.pdb" /Gr /TC /analyze- /errorReport:prompt ..\..\..\..\C\7zCrc.c ..\..\..\..\C\7zCrcOpt.c ..\..\..\..\C\7zStream.c ..\..\..\..\C\Aes.c ..\..\..\..\C\AesOpt.c ..\..\..\..\C\Alloc.c ..\..\..\..\C\Bcj2.c ..\..\..\..\C\Bcj2Enc.c ..\..\..\..\C\Bra.c ..\..\..\..\C\Bra86.c ..\..\..\..\C\BraIA64.c ..\..\..\..\C\CpuArch.c ..\..\..\..\C\Delta.c ..\..\..\..\C\LzFind.c ..\..\..\..\C\LzFindMt.c ..\..\..\..\C\Lzma2Dec.c ..\..\..\..\C\Lzma2Enc.c ..\..\..\..\C\LzmaDec.c ..\..\..\..\C\LzmaEnc.c ..\..\..\..\C\MtCoder.c ..\..\..\..\C\Sha256.c ..\..\..\..\C\Threads.c ..\..\..\..\C\Xz.c ..\..\..\..\C\XzCrc64.c ..\..\..\..\C\XzCrc64Opt.c ..\..\..\..\C\XzDec.c ..\..\..\..\C\XzEnc.c ..\..\..\..\C\XzIn.c
         XzIn.c
         XzEnc.c
         XzDec.c
         XzCrc64Opt.c
         XzCrc64.c
         Xz.c
         Threads.c
         Sha256.c
         MtCoder.c
         LzmaEnc.c
         LzmaDec.c
         Lzma2Enc.c
         Lzma2Dec.c
         LzFindMt.c
         LzFind.c
         Delta.c
         CpuArch.c
         BraIA64.c
         Bra86.c
         Bra.c
         正在生成代码...
         正在编译...
         Bcj2Enc.c
         Bcj2.c
         Alloc.c
         AesOpt.c
         Aes.c
         7zStream.c
         7zCrcOpt.c
         7zCrc.c
         正在生成代码...
         D:\Programme\VisualStudio\VC\bin\CL.exe /c /I..\..\..\ /ZI /nologo /W3 /WX- /Od /Oy- /D _DEBUG /D WIN32 /D _CONSOLE /D _VC80_UPGRADE=0x0600 /D _MBCS /Gm /EHsc /RTC1 /MDd /GS /Gy- /fp:precise /Zc:wchar_t /Zc:forScope /Zc:inline /Yu"StdAfx.h" /Fp".\Debug\Alone.pch" /Fo".\Debug\\" /Fd".\Debug\vc140.pdb" /Gr /TP /analyze- /errorReport:prompt ..\..\..\Common\CommandLineParser.cpp ..\..\..\Common\CRC.cpp ..\..\..\Common\CrcReg.cpp ..\..\..\Common\IntToString.cpp ..\..\..\Common\ListFileUtils.cpp ..\..\..\Common\MyString.cpp ..\..\..\Common\MyVector.cpp ..\..\..\Common\NewHandler.cpp ..\..\..\Common\Sha256Reg.cpp ..\..\..\Common\StdInStream.cpp ..\..\..\Common\StdOutStream.cpp ..\..\..\Common\StringConvert.cpp ..\..\..\Common\StringToInt.cpp ..\..\..\Common\UTFConvert.cpp ..\..\..\Common\Wildcard.cpp ..\..\..\Common\XzCrc64Reg.cpp ..\..\..\Windows\DLL.cpp ..\..\..\Windows\ErrorMsg.cpp ..\..\..\Windows\FileDir.cpp ..\..\..\Windows\FileFind.cpp ..\..\..\Windows\FileIO.cpp ..\..\..\Windows\FileLink.cpp ..\..\..\Windows\FileName.cpp ..\..\..\Windows\MemoryLock.cpp ..\..\..\Windows\PropVariant.cpp ..\..\..\Windows\PropVariantConv.cpp ..\..\..\Windows\Synchronization.cpp ..\..\..\Windows\System.cpp ..\..\..\Windows\TimeUtils.cpp ..\..\Archive\7z\7zCompressionMode.cpp ..\..\Archive\7z\7zDecode.cpp ..\..\Archive\7z\7zEncode.cpp ..\..\Archive\7z\7zExtract.cpp ..\..\Archive\7z\7zFolderInStream.cpp ..\..\Archive\7z\7zHandler.cpp ..\..\Archive\7z\7zHandlerOut.cpp ..\..\Archive\7z\7zHeader.cpp ..\..\Archive\7z\7zIn.cpp ..\..\Archive\7z\7zOut.cpp ..\..\Archive\7z\7zProperties.cpp ..\..\Archive\7z\7zRegister.cpp ..\..\Archive\7z\7zSpecStream.cpp ..\..\Archive\7z\7zUpdate.cpp ..\..\Archive\Common\CoderMixer2.cpp ..\..\Archive\Common\DummyOutStream.cpp ..\..\Archive\Common\HandlerOut.cpp ..\..\Archive\Common\InStreamWithCRC.cpp ..\..\Archive\Common\ItemNameUtils.cpp ..\..\Archive\Common\MultiStream.cpp ..\..\Archive\Common\OutStreamWithCRC.cpp ..\..\Archive\Common\ParseProperties.cpp ..\..\Archive\LzmaHandler.cpp ..\..\Archive\SplitHandler.cpp ..\..\Archive\XzHandler.cpp ..\..\Common\CreateCoder.cpp ..\..\Common\CWrappers.cpp ..\..\Common\FilePathAutoRename.cpp ..\..\Common\FileStreams.cpp ..\..\Common\FilterCoder.cpp ..\..\Common\InBuffer.cpp ..\..\Common\InOutTempBuffer.cpp ..\..\Common\LimitedStreams.cpp ..\..\Common\LockedStream.cpp ..\..\Common\MethodId.cpp ..\..\Common\MethodProps.cpp ..\..\Common\OffsetStream.cpp ..\..\Common\OutBuffer.cpp ..\..\Common\ProgressUtils.cpp ..\..\Common\PropId.cpp ..\..\Common\StreamBinder.cpp ..\..\Common\StreamObjects.cpp ..\..\Common\StreamUtils.cpp ..\..\Common\UniqBlocks.cpp ..\..\Common\VirtThread.cpp ..\..\Compress\Bcj2Coder.cpp ..\..\Compress\Bcj2Register.cpp ..\..\Compress\BcjCoder.cpp ..\..\Compress\BcjRegister.cpp ..\..\Compress\BranchMisc.cpp ..\..\Compress\BranchRegister.cpp ..\..\Compress\ByteSwap.cpp ..\..\Compress\CopyCoder.cpp ..\..\Compress\CopyRegister.cpp ..\..\Compress\DeltaFilter.cpp ..\..\Compress\Lzma2Decoder.cpp ..\..\Compress\Lzma2Encoder.cpp ..\..\Compress\Lzma2Register.cpp ..\..\Compress\LzmaDecoder.cpp ..\..\Compress\LzmaEncoder.cpp ..\..\Compress\LzmaRegister.cpp ..\..\Crypto\7zAes.cpp ..\..\Crypto\7zAesRegister.cpp ..\..\Crypto\MyAes.cpp ..\..\Crypto\RandGen.cpp ..\..\UI\Common\ArchiveCommandLine.cpp ..\..\UI\Common\ArchiveExtractCallback.cpp ..\..\UI\Common\ArchiveOpenCallback.cpp ..\..\UI\Common\Bench.cpp ..\..\UI\Common\DefaultName.cpp ..\..\UI\Common\EnumDirItems.cpp ..\..\UI\Common\Extract.cpp ..\..\UI\Common\ExtractingFilePath.cpp ..\..\UI\Common\HashCalc.cpp ..\..\UI\Common\LoadCodecs.cpp ..\..\UI\Common\OpenArchive.cpp ..\..\UI\Common\PropIDUtils.cpp ..\..\UI\Common\SetProperties.cpp ..\..\UI\Common\SortUtils.cpp ..\..\UI\Common\TempFiles.cpp ..\..\UI\Common\Update.cpp ..\..\UI\Common\UpdateAction.cpp ..\..\UI\Common\UpdateCallback.cpp ..\..\UI\Common\UpdatePair.cpp ..\..\UI\Common\UpdateProduce.cpp ..\..\UI\Console\BenchCon.cpp ..\..\UI\Console\ConsoleClose.cpp ..\..\UI\Console\ExtractCallbackConsole.cpp ..\..\UI\Console\HashCon.cpp ..\..\UI\Console\List.cpp ..\..\UI\Console\MainAr.cpp ..\..\UI\Console\OpenCallbackConsole.cpp ..\..\UI\Console\PercentPrinter.cpp ..\..\UI\Console\UpdateCallbackConsole.cpp ..\..\UI\Console\UserInputUtils.cpp
         UserInputUtils.cpp
         UpdateCallbackConsole.cpp
         PercentPrinter.cpp
         OpenCallbackConsole.cpp
         MainAr.cpp
         List.cpp
         HashCon.cpp
         ExtractCallbackConsole.cpp
         ConsoleClose.cpp
     1>d:\github\7zstudy\cpp\7zip\ui\console\consoleclose.cpp(62): warning C4297: “NConsoleClose::CCtrlHandlerSetter::~CCtrlHandlerSetter”: 假定函数不引发异常，但确实发生了
         d:\github\7zstudy\cpp\7zip\ui\console\consoleclose.cpp(62): note: 析构函数或释放器具有一个(可能是隐含的)非引发异常规范
         BenchCon.cpp
         UpdateProduce.cpp
         UpdatePair.cpp
         UpdateCallback.cpp
         UpdateAction.cpp
         Update.cpp
         TempFiles.cpp
         SortUtils.cpp
         SetProperties.cpp
         PropIDUtils.cpp
         OpenArchive.cpp
         正在生成代码...
         正在编译...
         LoadCodecs.cpp
         HashCalc.cpp
         ExtractingFilePath.cpp
         Extract.cpp
         EnumDirItems.cpp
         DefaultName.cpp
         Bench.cpp
         ArchiveOpenCallback.cpp
         ArchiveExtractCallback.cpp
         ArchiveCommandLine.cpp
         RandGen.cpp
         MyAes.cpp
         7zAesRegister.cpp
         7zAes.cpp
         LzmaRegister.cpp
         LzmaEncoder.cpp
         LzmaDecoder.cpp
         Lzma2Register.cpp
         Lzma2Encoder.cpp
         Lzma2Decoder.cpp
         正在生成代码...
         正在编译...
         DeltaFilter.cpp
         CopyRegister.cpp
         CopyCoder.cpp
         ByteSwap.cpp
         BranchRegister.cpp
         BranchMisc.cpp
         BcjRegister.cpp
         BcjCoder.cpp
         Bcj2Register.cpp
         Bcj2Coder.cpp
         VirtThread.cpp
         UniqBlocks.cpp
         StreamUtils.cpp
         StreamObjects.cpp
         StreamBinder.cpp
         PropId.cpp
         ProgressUtils.cpp
         OutBuffer.cpp
         OffsetStream.cpp
         MethodProps.cpp
         正在生成代码...
         正在编译...
         MethodId.cpp
         LockedStream.cpp
         LimitedStreams.cpp
         InOutTempBuffer.cpp
         InBuffer.cpp
         FilterCoder.cpp
         FileStreams.cpp
         FilePathAutoRename.cpp
         CWrappers.cpp
         CreateCoder.cpp
         XzHandler.cpp
         SplitHandler.cpp
         LzmaHandler.cpp
         ParseProperties.cpp
         OutStreamWithCRC.cpp
         MultiStream.cpp
         ItemNameUtils.cpp
         InStreamWithCRC.cpp
         HandlerOut.cpp
         DummyOutStream.cpp
         正在生成代码...
         正在编译...
         CoderMixer2.cpp
         7zUpdate.cpp
         7zSpecStream.cpp
         7zRegister.cpp
         7zProperties.cpp
         7zOut.cpp
         7zIn.cpp
         7zHeader.cpp
         7zHandlerOut.cpp
         7zHandler.cpp
         7zFolderInStream.cpp
         7zExtract.cpp
         7zEncode.cpp
         7zDecode.cpp
         7zCompressionMode.cpp
         TimeUtils.cpp
         System.cpp
         Synchronization.cpp
         PropVariantConv.cpp
         PropVariant.cpp
         正在生成代码...
         正在编译...
         MemoryLock.cpp
         FileName.cpp
         FileLink.cpp
         FileIO.cpp
         FileFind.cpp
         FileDir.cpp
         ErrorMsg.cpp
         DLL.cpp
         XzCrc64Reg.cpp
         Wildcard.cpp
         UTFConvert.cpp
         StringToInt.cpp
         StringConvert.cpp
         StdOutStream.cpp
         StdInStream.cpp
         Sha256Reg.cpp
         NewHandler.cpp
         MyVector.cpp
         MyString.cpp
         ListFileUtils.cpp
         正在生成代码...
         正在编译...
         IntToString.cpp
         CrcReg.cpp
         CRC.cpp
         CommandLineParser.cpp
         正在生成代码...
         D:\Programme\VisualStudio\VC\bin\CL.exe /c /I..\..\..\ /ZI /nologo /W3 /WX- /Od /Oy- /D PROG_VARIANT_R /D _DEBUG /D WIN32 /D _CONSOLE /D _VC80_UPGRADE=0x0600 /D _MBCS /Gm /EHsc /RTC1 /MDd /GS /Gy- /fp:precise /Zc:wchar_t /Zc:forScope /Zc:inline /Yu"StdAfx.h" /Fp".\Debug\Alone.pch" /Fo".\Debug\\" /Fd".\Debug\vc140.pdb" /Gr /TP /analyze- /errorReport:prompt ..\..\UI\Console\Main.cpp
         Main.cpp
       ResourceCompile:
         C:\Program Files (x86)\Windows Kits\8.1\bin\x86\rc.exe /D _DEBUG /D _VC80_UPGRADE=0x0600 /l"0x0419" /nologo /fo".\Debug\resource.res" resource.rc 
     1>C:\Program Files (x86)\MSBuild\Microsoft.Cpp\v4.0\V140\Microsoft.CppBuild.targets(1189,5): warning MSB8012: TargetPath(D:\GitHub\7zStudy\CPP\7zip\Bundles\Alone7z\.\Debug\Alone.exe) does not match the Linker's OutputFile property value (c:\UTIL\7zr.exe). This may cause your project to build incorrectly. To correct this, please make sure that $(OutDir), $(TargetName) and $(TargetExt) property values match the value specified in %(Link.OutputFile).
     1>C:\Program Files (x86)\MSBuild\Microsoft.Cpp\v4.0\V140\Microsoft.CppBuild.targets(1191,5): warning MSB8012: TargetName(Alone) does not match the Linker's OutputFile property value (7zr). This may cause your project to build incorrectly. To correct this, please make sure that $(OutDir), $(TargetName) and $(TargetExt) property values match the value specified in %(Link.OutputFile).
       Link:
         D:\Programme\VisualStudio\VC\bin\link.exe /ERRORREPORT:PROMPT /OUT:"c:\UTIL\7zr.exe" /INCREMENTAL /NOLOGO odbc32.lib odbccp32.lib kernel32.lib user32.lib gdi32.lib winspool.lib comdlg32.lib advapi32.lib shell32.lib ole32.lib oleaut32.lib uuid.lib odbc32.lib odbccp32.lib /MANIFEST /MANIFESTUAC:"level='asInvoker' uiAccess='false'" /manifest:embed /Debug /PDB:".\Debug\Alone.pdb" /SUBSYSTEM:CONSOLE /TLBID:1 /DYNAMICBASE /NXCOMPAT /IMPLIB:".\Debug\Alone.lib" /MACHINE:X86 /SAFESEH .\Debug\resource.res
         .\Debug\7zCrc.obj
         .\Debug\7zCrcOpt.obj
         .\Debug\7zStream.obj
         .\Debug\Aes.obj
         .\Debug\AesOpt.obj
         .\Debug\Alloc.obj
         .\Debug\Bcj2.obj
         .\Debug\Bcj2Enc.obj
         .\Debug\Bra.obj
         .\Debug\Bra86.obj
         .\Debug\BraIA64.obj
         .\Debug\CpuArch.obj
         .\Debug\Delta.obj
         .\Debug\LzFind.obj
         .\Debug\LzFindMt.obj
         .\Debug\Lzma2Dec.obj
         .\Debug\Lzma2Enc.obj
         .\Debug\LzmaDec.obj
         .\Debug\LzmaEnc.obj
         .\Debug\MtCoder.obj
         .\Debug\Sha256.obj
         .\Debug\Threads.obj
         .\Debug\Xz.obj
         .\Debug\XzCrc64.obj
         .\Debug\XzCrc64Opt.obj
         .\Debug\XzDec.obj
         .\Debug\XzEnc.obj
         .\Debug\XzIn.obj
         .\Debug\CommandLineParser.obj
         .\Debug\CRC.obj
         .\Debug\CrcReg.obj
         .\Debug\IntToString.obj
         .\Debug\ListFileUtils.obj
         .\Debug\MyString.obj
         .\Debug\MyVector.obj
         .\Debug\NewHandler.obj
         .\Debug\Sha256Reg.obj
         .\Debug\StdInStream.obj
         .\Debug\StdOutStream.obj
         .\Debug\StringConvert.obj
         .\Debug\StringToInt.obj
         .\Debug\UTFConvert.obj
         .\Debug\Wildcard.obj
         .\Debug\XzCrc64Reg.obj
         .\Debug\DLL.obj
         .\Debug\ErrorMsg.obj
         .\Debug\FileDir.obj
         .\Debug\FileFind.obj
         .\Debug\FileIO.obj
         .\Debug\FileLink.obj
         .\Debug\FileName.obj
         .\Debug\MemoryLock.obj
         .\Debug\PropVariant.obj
         .\Debug\PropVariantConv.obj
         .\Debug\Synchronization.obj
         .\Debug\System.obj
         .\Debug\TimeUtils.obj
         .\Debug\7zCompressionMode.obj
         .\Debug\7zDecode.obj
         .\Debug\7zEncode.obj
         .\Debug\7zExtract.obj
         .\Debug\7zFolderInStream.obj
         .\Debug\7zHandler.obj
         .\Debug\7zHandlerOut.obj
         .\Debug\7zHeader.obj
         .\Debug\7zIn.obj
         .\Debug\7zOut.obj
         .\Debug\7zProperties.obj
         .\Debug\7zRegister.obj
         .\Debug\7zSpecStream.obj
         .\Debug\7zUpdate.obj
         .\Debug\CoderMixer2.obj
         .\Debug\DummyOutStream.obj
         .\Debug\HandlerOut.obj
         .\Debug\InStreamWithCRC.obj
         .\Debug\ItemNameUtils.obj
         .\Debug\MultiStream.obj
         .\Debug\OutStreamWithCRC.obj
         .\Debug\ParseProperties.obj
         .\Debug\LzmaHandler.obj
         .\Debug\SplitHandler.obj
         .\Debug\XzHandler.obj
         .\Debug\CreateCoder.obj
         .\Debug\CWrappers.obj
         .\Debug\FilePathAutoRename.obj
         .\Debug\FileStreams.obj
         .\Debug\FilterCoder.obj
         .\Debug\InBuffer.obj
         .\Debug\InOutTempBuffer.obj
         .\Debug\LimitedStreams.obj
         .\Debug\LockedStream.obj
         .\Debug\MethodId.obj
         .\Debug\MethodProps.obj
         .\Debug\OffsetStream.obj
         .\Debug\OutBuffer.obj
         .\Debug\ProgressUtils.obj
         .\Debug\PropId.obj
         .\Debug\StreamBinder.obj
         .\Debug\StreamObjects.obj
         .\Debug\StreamUtils.obj
         .\Debug\UniqBlocks.obj
         .\Debug\VirtThread.obj
         .\Debug\Bcj2Coder.obj
         .\Debug\Bcj2Register.obj
         .\Debug\BcjCoder.obj
         .\Debug\BcjRegister.obj
         .\Debug\BranchMisc.obj
         .\Debug\BranchRegister.obj
         .\Debug\ByteSwap.obj
         .\Debug\CopyCoder.obj
         .\Debug\CopyRegister.obj
         .\Debug\DeltaFilter.obj
         .\Debug\Lzma2Decoder.obj
         .\Debug\Lzma2Encoder.obj
         .\Debug\Lzma2Register.obj
         .\Debug\LzmaDecoder.obj
         .\Debug\LzmaEncoder.obj
         .\Debug\LzmaRegister.obj
         .\Debug\7zAes.obj
         .\Debug\7zAesRegister.obj
         .\Debug\MyAes.obj
         .\Debug\RandGen.obj
         .\Debug\ArchiveCommandLine.obj
         .\Debug\ArchiveExtractCallback.obj
         .\Debug\ArchiveOpenCallback.obj
         .\Debug\Bench.obj
         .\Debug\DefaultName.obj
         .\Debug\EnumDirItems.obj
         .\Debug\Extract.obj
         .\Debug\ExtractingFilePath.obj
         .\Debug\HashCalc.obj
         .\Debug\LoadCodecs.obj
         .\Debug\OpenArchive.obj
         .\Debug\PropIDUtils.obj
         .\Debug\SetProperties.obj
         .\Debug\SortUtils.obj
         .\Debug\TempFiles.obj
         .\Debug\Update.obj
         .\Debug\UpdateAction.obj
         .\Debug\UpdateCallback.obj
         .\Debug\UpdatePair.obj
         .\Debug\UpdateProduce.obj
         .\Debug\BenchCon.obj
         .\Debug\ConsoleClose.obj
         .\Debug\ExtractCallbackConsole.obj
         .\Debug\HashCon.obj
         .\Debug\List.obj
         .\Debug\Main.obj
         .\Debug\MainAr.obj
         .\Debug\OpenCallbackConsole.obj
         .\Debug\PercentPrinter.obj
         .\Debug\UpdateCallbackConsole.obj
         .\Debug\UserInputUtils.obj
         .\Debug\StdAfx.obj
     1>7zCrc.obj : warning LNK4075: 忽略“/EDITANDCONTINUE”(由于“/SAFESEH”规范)
         Alone.vcxproj -> D:\GitHub\7zStudy\CPP\7zip\Bundles\Alone7z\.\Debug\Alone.exe
     1>已完成生成项目“D:\GitHub\7zStudy\CPP\7zip\Bundles\Alone7z\Alone.vcxproj”(Build 个目标)的操作。

已成功生成。

已用时间 00:00:28.67
