d:\github\7zstudy\cpp\7zip\bundles\alone\debug\alone.pch
d:\github\7zstudy\cpp\7zip\bundles\alone\debug\vc140.pdb
d:\github\7zstudy\cpp\7zip\bundles\alone\debug\vc140.idb
d:\github\7zstudy\cpp\7zip\bundles\alone\debug\stdafx.obj
d:\github\7zstudy\cpp\7zip\bundles\alone\debug\lzma2enc.obj
d:\github\7zstudy\cpp\7zip\bundles\alone\debug\lzmadec.obj
d:\github\7zstudy\cpp\7zip\bundles\alone\debug\lzmaenc.obj
d:\github\7zstudy\cpp\7zip\bundles\alone\debug\mtcoder.obj
d:\github\7zstudy\cpp\7zip\bundles\alone\debug\ppmd7.obj
d:\github\7zstudy\cpp\7zip\bundles\alone\debug\ppmd7dec.obj
d:\github\7zstudy\cpp\7zip\bundles\alone\debug\ppmd7enc.obj
d:\github\7zstudy\cpp\7zip\bundles\alone\debug\ppmd8.obj
d:\github\7zstudy\cpp\7zip\bundles\alone\debug\ppmd8dec.obj
d:\github\7zstudy\cpp\7zip\bundles\alone\debug\ppmd8enc.obj
d:\github\7zstudy\cpp\7zip\bundles\alone\debug\sha1.obj
d:\github\7zstudy\cpp\7zip\bundles\alone\debug\sha256.obj
d:\github\7zstudy\cpp\7zip\bundles\alone\debug\sort.obj
d:\github\7zstudy\cpp\7zip\bundles\alone\debug\threads.obj
d:\github\7zstudy\cpp\7zip\bundles\alone\debug\xz.obj
d:\github\7zstudy\cpp\7zip\bundles\alone\debug\xzcrc64.obj
d:\github\7zstudy\cpp\7zip\bundles\alone\debug\xzcrc64opt.obj
d:\github\7zstudy\cpp\7zip\bundles\alone\debug\xzdec.obj
d:\github\7zstudy\cpp\7zip\bundles\alone\debug\xzenc.obj
d:\github\7zstudy\cpp\7zip\bundles\alone\debug\xzin.obj
d:\github\7zstudy\cpp\7zip\bundles\alone\debug\7zcrc.obj
d:\github\7zstudy\cpp\7zip\bundles\alone\debug\7zcrcopt.obj
d:\github\7zstudy\cpp\7zip\bundles\alone\debug\7zstream.obj
d:\github\7zstudy\cpp\7zip\bundles\alone\debug\aes.obj
d:\github\7zstudy\cpp\7zip\bundles\alone\debug\aesopt.obj
d:\github\7zstudy\cpp\7zip\bundles\alone\debug\alloc.obj
d:\github\7zstudy\cpp\7zip\bundles\alone\debug\bcj2.obj
d:\github\7zstudy\cpp\7zip\bundles\alone\debug\bcj2enc.obj
d:\github\7zstudy\cpp\7zip\bundles\alone\debug\bra.obj
d:\github\7zstudy\cpp\7zip\bundles\alone\debug\bra86.obj
d:\github\7zstudy\cpp\7zip\bundles\alone\debug\braia64.obj
d:\github\7zstudy\cpp\7zip\bundles\alone\debug\bwtsort.obj
d:\github\7zstudy\cpp\7zip\bundles\alone\debug\cpuarch.obj
d:\github\7zstudy\cpp\7zip\bundles\alone\debug\delta.obj
d:\github\7zstudy\cpp\7zip\bundles\alone\debug\huffenc.obj
d:\github\7zstudy\cpp\7zip\bundles\alone\debug\lzfind.obj
d:\github\7zstudy\cpp\7zip\bundles\alone\debug\lzfindmt.obj
d:\github\7zstudy\cpp\7zip\bundles\alone\debug\lzma2dec.obj
d:\github\7zstudy\cpp\7zip\bundles\alone\debug\propidutils.obj
d:\github\7zstudy\cpp\7zip\bundles\alone\debug\setproperties.obj
d:\github\7zstudy\cpp\7zip\bundles\alone\debug\sortutils.obj
d:\github\7zstudy\cpp\7zip\bundles\alone\debug\tempfiles.obj
d:\github\7zstudy\cpp\7zip\bundles\alone\debug\update.obj
d:\github\7zstudy\cpp\7zip\bundles\alone\debug\updateaction.obj
d:\github\7zstudy\cpp\7zip\bundles\alone\debug\updatecallback.obj
d:\github\7zstudy\cpp\7zip\bundles\alone\debug\updatepair.obj
d:\github\7zstudy\cpp\7zip\bundles\alone\debug\updateproduce.obj
d:\github\7zstudy\cpp\7zip\bundles\alone\debug\benchcon.obj
d:\github\7zstudy\cpp\7zip\bundles\alone\debug\consoleclose.obj
d:\github\7zstudy\cpp\7zip\bundles\alone\debug\extractcallbackconsole.obj
d:\github\7zstudy\cpp\7zip\bundles\alone\debug\hashcon.obj
d:\github\7zstudy\cpp\7zip\bundles\alone\debug\list.obj
d:\github\7zstudy\cpp\7zip\bundles\alone\debug\mainar.obj
d:\github\7zstudy\cpp\7zip\bundles\alone\debug\opencallbackconsole.obj
d:\github\7zstudy\cpp\7zip\bundles\alone\debug\percentprinter.obj
d:\github\7zstudy\cpp\7zip\bundles\alone\debug\updatecallbackconsole.obj
d:\github\7zstudy\cpp\7zip\bundles\alone\debug\userinpututils.obj
d:\github\7zstudy\cpp\7zip\bundles\alone\debug\7zaesregister.obj
d:\github\7zstudy\cpp\7zip\bundles\alone\debug\hmacsha1.obj
d:\github\7zstudy\cpp\7zip\bundles\alone\debug\myaes.obj
d:\github\7zstudy\cpp\7zip\bundles\alone\debug\myaesreg.obj
d:\github\7zstudy\cpp\7zip\bundles\alone\debug\pbkdf2hmacsha1.obj
d:\github\7zstudy\cpp\7zip\bundles\alone\debug\randgen.obj
d:\github\7zstudy\cpp\7zip\bundles\alone\debug\wzaes.obj
d:\github\7zstudy\cpp\7zip\bundles\alone\debug\zipcrypto.obj
d:\github\7zstudy\cpp\7zip\bundles\alone\debug\zipstrong.obj
d:\github\7zstudy\cpp\7zip\bundles\alone\debug\archivecommandline.obj
d:\github\7zstudy\cpp\7zip\bundles\alone\debug\archiveextractcallback.obj
d:\github\7zstudy\cpp\7zip\bundles\alone\debug\archiveopencallback.obj
d:\github\7zstudy\cpp\7zip\bundles\alone\debug\bench.obj
d:\github\7zstudy\cpp\7zip\bundles\alone\debug\defaultname.obj
d:\github\7zstudy\cpp\7zip\bundles\alone\debug\enumdiritems.obj
d:\github\7zstudy\cpp\7zip\bundles\alone\debug\extract.obj
d:\github\7zstudy\cpp\7zip\bundles\alone\debug\extractingfilepath.obj
d:\github\7zstudy\cpp\7zip\bundles\alone\debug\hashcalc.obj
d:\github\7zstudy\cpp\7zip\bundles\alone\debug\loadcodecs.obj
d:\github\7zstudy\cpp\7zip\bundles\alone\debug\openarchive.obj
d:\github\7zstudy\cpp\7zip\bundles\alone\debug\deflateregister.obj
d:\github\7zstudy\cpp\7zip\bundles\alone\debug\deltafilter.obj
d:\github\7zstudy\cpp\7zip\bundles\alone\debug\implodedecoder.obj
d:\github\7zstudy\cpp\7zip\bundles\alone\debug\implodehuffmandecoder.obj
d:\github\7zstudy\cpp\7zip\bundles\alone\debug\lzma2decoder.obj
d:\github\7zstudy\cpp\7zip\bundles\alone\debug\lzma2encoder.obj
d:\github\7zstudy\cpp\7zip\bundles\alone\debug\lzma2register.obj
d:\github\7zstudy\cpp\7zip\bundles\alone\debug\lzmadecoder.obj
d:\github\7zstudy\cpp\7zip\bundles\alone\debug\lzmaencoder.obj
d:\github\7zstudy\cpp\7zip\bundles\alone\debug\lzmaregister.obj
d:\github\7zstudy\cpp\7zip\bundles\alone\debug\lzoutwindow.obj
d:\github\7zstudy\cpp\7zip\bundles\alone\debug\lzxdecoder.obj
d:\github\7zstudy\cpp\7zip\bundles\alone\debug\ppmddecoder.obj
d:\github\7zstudy\cpp\7zip\bundles\alone\debug\ppmdencoder.obj
d:\github\7zstudy\cpp\7zip\bundles\alone\debug\ppmdregister.obj
d:\github\7zstudy\cpp\7zip\bundles\alone\debug\ppmdzip.obj
d:\github\7zstudy\cpp\7zip\bundles\alone\debug\quantumdecoder.obj
d:\github\7zstudy\cpp\7zip\bundles\alone\debug\shrinkdecoder.obj
d:\github\7zstudy\cpp\7zip\bundles\alone\debug\zdecoder.obj
d:\github\7zstudy\cpp\7zip\bundles\alone\debug\7zaes.obj
d:\github\7zstudy\cpp\7zip\bundles\alone\debug\streamutils.obj
d:\github\7zstudy\cpp\7zip\bundles\alone\debug\uniqblocks.obj
d:\github\7zstudy\cpp\7zip\bundles\alone\debug\virtthread.obj
d:\github\7zstudy\cpp\7zip\bundles\alone\debug\bcj2coder.obj
d:\github\7zstudy\cpp\7zip\bundles\alone\debug\bcj2register.obj
d:\github\7zstudy\cpp\7zip\bundles\alone\debug\bcjcoder.obj
d:\github\7zstudy\cpp\7zip\bundles\alone\debug\bcjregister.obj
d:\github\7zstudy\cpp\7zip\bundles\alone\debug\bitldecoder.obj
d:\github\7zstudy\cpp\7zip\bundles\alone\debug\branchmisc.obj
d:\github\7zstudy\cpp\7zip\bundles\alone\debug\branchregister.obj
d:\github\7zstudy\cpp\7zip\bundles\alone\debug\byteswap.obj
d:\github\7zstudy\cpp\7zip\bundles\alone\debug\bzip2crc.obj
d:\github\7zstudy\cpp\7zip\bundles\alone\debug\bzip2decoder.obj
d:\github\7zstudy\cpp\7zip\bundles\alone\debug\bzip2encoder.obj
d:\github\7zstudy\cpp\7zip\bundles\alone\debug\bzip2register.obj
d:\github\7zstudy\cpp\7zip\bundles\alone\debug\copycoder.obj
d:\github\7zstudy\cpp\7zip\bundles\alone\debug\copyregister.obj
d:\github\7zstudy\cpp\7zip\bundles\alone\debug\deflate64register.obj
d:\github\7zstudy\cpp\7zip\bundles\alone\debug\deflatedecoder.obj
d:\github\7zstudy\cpp\7zip\bundles\alone\debug\deflateencoder.obj
d:\github\7zstudy\cpp\7zip\bundles\alone\debug\createcoder.obj
d:\github\7zstudy\cpp\7zip\bundles\alone\debug\cwrappers.obj
d:\github\7zstudy\cpp\7zip\bundles\alone\debug\filepathautorename.obj
d:\github\7zstudy\cpp\7zip\bundles\alone\debug\filestreams.obj
d:\github\7zstudy\cpp\7zip\bundles\alone\debug\filtercoder.obj
d:\github\7zstudy\cpp\7zip\bundles\alone\debug\inbuffer.obj
d:\github\7zstudy\cpp\7zip\bundles\alone\debug\inouttempbuffer.obj
d:\github\7zstudy\cpp\7zip\bundles\alone\debug\limitedstreams.obj
d:\github\7zstudy\cpp\7zip\bundles\alone\debug\lockedstream.obj
d:\github\7zstudy\cpp\7zip\bundles\alone\debug\memblocks.obj
d:\github\7zstudy\cpp\7zip\bundles\alone\debug\methodid.obj
d:\github\7zstudy\cpp\7zip\bundles\alone\debug\methodprops.obj
d:\github\7zstudy\cpp\7zip\bundles\alone\debug\offsetstream.obj
d:\github\7zstudy\cpp\7zip\bundles\alone\debug\outbuffer.obj
d:\github\7zstudy\cpp\7zip\bundles\alone\debug\outmemstream.obj
d:\github\7zstudy\cpp\7zip\bundles\alone\debug\progressmt.obj
d:\github\7zstudy\cpp\7zip\bundles\alone\debug\progressutils.obj
d:\github\7zstudy\cpp\7zip\bundles\alone\debug\propid.obj
d:\github\7zstudy\cpp\7zip\bundles\alone\debug\streambinder.obj
d:\github\7zstudy\cpp\7zip\bundles\alone\debug\streamobjects.obj
d:\github\7zstudy\cpp\7zip\bundles\alone\debug\gzhandler.obj
d:\github\7zstudy\cpp\7zip\bundles\alone\debug\lzmahandler.obj
d:\github\7zstudy\cpp\7zip\bundles\alone\debug\splithandler.obj
d:\github\7zstudy\cpp\7zip\bundles\alone\debug\tarhandler.obj
d:\github\7zstudy\cpp\7zip\bundles\alone\debug\tarhandlerout.obj
d:\github\7zstudy\cpp\7zip\bundles\alone\debug\tarheader.obj
d:\github\7zstudy\cpp\7zip\bundles\alone\debug\tarin.obj
d:\github\7zstudy\cpp\7zip\bundles\alone\debug\tarout.obj
d:\github\7zstudy\cpp\7zip\bundles\alone\debug\tarregister.obj
d:\github\7zstudy\cpp\7zip\bundles\alone\debug\tarupdate.obj
d:\github\7zstudy\cpp\7zip\bundles\alone\debug\xzhandler.obj
d:\github\7zstudy\cpp\7zip\bundles\alone\debug\zhandler.obj
d:\github\7zstudy\cpp\7zip\bundles\alone\debug\zipaddcommon.obj
d:\github\7zstudy\cpp\7zip\bundles\alone\debug\ziphandler.obj
d:\github\7zstudy\cpp\7zip\bundles\alone\debug\ziphandlerout.obj
d:\github\7zstudy\cpp\7zip\bundles\alone\debug\zipin.obj
d:\github\7zstudy\cpp\7zip\bundles\alone\debug\zipitem.obj
d:\github\7zstudy\cpp\7zip\bundles\alone\debug\zipout.obj
d:\github\7zstudy\cpp\7zip\bundles\alone\debug\zipregister.obj
d:\github\7zstudy\cpp\7zip\bundles\alone\debug\zipupdate.obj
d:\github\7zstudy\cpp\7zip\bundles\alone\debug\7zproperties.obj
d:\github\7zstudy\cpp\7zip\bundles\alone\debug\7zregister.obj
d:\github\7zstudy\cpp\7zip\bundles\alone\debug\7zspecstream.obj
d:\github\7zstudy\cpp\7zip\bundles\alone\debug\7zupdate.obj
d:\github\7zstudy\cpp\7zip\bundles\alone\debug\bz2handler.obj
d:\github\7zstudy\cpp\7zip\bundles\alone\debug\cabblockinstream.obj
d:\github\7zstudy\cpp\7zip\bundles\alone\debug\cabhandler.obj
d:\github\7zstudy\cpp\7zip\bundles\alone\debug\cabheader.obj
d:\github\7zstudy\cpp\7zip\bundles\alone\debug\cabin.obj
d:\github\7zstudy\cpp\7zip\bundles\alone\debug\cabregister.obj
d:\github\7zstudy\cpp\7zip\bundles\alone\debug\codermixer2.obj
d:\github\7zstudy\cpp\7zip\bundles\alone\debug\dummyoutstream.obj
d:\github\7zstudy\cpp\7zip\bundles\alone\debug\findsignature.obj
d:\github\7zstudy\cpp\7zip\bundles\alone\debug\handlerout.obj
d:\github\7zstudy\cpp\7zip\bundles\alone\debug\instreamwithcrc.obj
d:\github\7zstudy\cpp\7zip\bundles\alone\debug\itemnameutils.obj
d:\github\7zstudy\cpp\7zip\bundles\alone\debug\multistream.obj
d:\github\7zstudy\cpp\7zip\bundles\alone\debug\outstreamwithcrc.obj
d:\github\7zstudy\cpp\7zip\bundles\alone\debug\parseproperties.obj
d:\github\7zstudy\cpp\7zip\bundles\alone\debug\deflateprops.obj
d:\github\7zstudy\cpp\7zip\bundles\alone\debug\fileio.obj
d:\github\7zstudy\cpp\7zip\bundles\alone\debug\filelink.obj
d:\github\7zstudy\cpp\7zip\bundles\alone\debug\filename.obj
d:\github\7zstudy\cpp\7zip\bundles\alone\debug\filesystem.obj
d:\github\7zstudy\cpp\7zip\bundles\alone\debug\memorylock.obj
d:\github\7zstudy\cpp\7zip\bundles\alone\debug\propvariant.obj
d:\github\7zstudy\cpp\7zip\bundles\alone\debug\propvariantconv.obj
d:\github\7zstudy\cpp\7zip\bundles\alone\debug\synchronization.obj
d:\github\7zstudy\cpp\7zip\bundles\alone\debug\system.obj
d:\github\7zstudy\cpp\7zip\bundles\alone\debug\timeutils.obj
d:\github\7zstudy\cpp\7zip\bundles\alone\debug\7zcompressionmode.obj
d:\github\7zstudy\cpp\7zip\bundles\alone\debug\7zdecode.obj
d:\github\7zstudy\cpp\7zip\bundles\alone\debug\7zencode.obj
d:\github\7zstudy\cpp\7zip\bundles\alone\debug\7zextract.obj
d:\github\7zstudy\cpp\7zip\bundles\alone\debug\7zfolderinstream.obj
d:\github\7zstudy\cpp\7zip\bundles\alone\debug\7zhandler.obj
d:\github\7zstudy\cpp\7zip\bundles\alone\debug\7zhandlerout.obj
d:\github\7zstudy\cpp\7zip\bundles\alone\debug\7zheader.obj
d:\github\7zstudy\cpp\7zip\bundles\alone\debug\7zin.obj
d:\github\7zstudy\cpp\7zip\bundles\alone\debug\7zout.obj
d:\github\7zstudy\cpp\7zip\bundles\alone\debug\crc.obj
d:\github\7zstudy\cpp\7zip\bundles\alone\debug\crcreg.obj
d:\github\7zstudy\cpp\7zip\bundles\alone\debug\inttostring.obj
d:\github\7zstudy\cpp\7zip\bundles\alone\debug\listfileutils.obj
d:\github\7zstudy\cpp\7zip\bundles\alone\debug\mystring.obj
d:\github\7zstudy\cpp\7zip\bundles\alone\debug\myvector.obj
d:\github\7zstudy\cpp\7zip\bundles\alone\debug\newhandler.obj
d:\github\7zstudy\cpp\7zip\bundles\alone\debug\sha1reg.obj
d:\github\7zstudy\cpp\7zip\bundles\alone\debug\sha256reg.obj
d:\github\7zstudy\cpp\7zip\bundles\alone\debug\stdinstream.obj
d:\github\7zstudy\cpp\7zip\bundles\alone\debug\stdoutstream.obj
d:\github\7zstudy\cpp\7zip\bundles\alone\debug\stringconvert.obj
d:\github\7zstudy\cpp\7zip\bundles\alone\debug\stringtoint.obj
d:\github\7zstudy\cpp\7zip\bundles\alone\debug\utfconvert.obj
d:\github\7zstudy\cpp\7zip\bundles\alone\debug\wildcard.obj
d:\github\7zstudy\cpp\7zip\bundles\alone\debug\xzcrc64reg.obj
d:\github\7zstudy\cpp\7zip\bundles\alone\debug\dll.obj
d:\github\7zstudy\cpp\7zip\bundles\alone\debug\errormsg.obj
d:\github\7zstudy\cpp\7zip\bundles\alone\debug\filedir.obj
d:\github\7zstudy\cpp\7zip\bundles\alone\debug\filefind.obj
d:\github\7zstudy\cpp\7zip\bundles\alone\debug\commandlineparser.obj
d:\github\7zstudy\cpp\7zip\bundles\alone\debug\main.obj
c:\util\7za.ilk
c:\util\7za.exe
d:\github\7zstudy\cpp\7zip\bundles\alone\debug\alone.pdb
d:\github\7zstudy\cpp\7zip\bundles\alone\debug\resource.res
d:\github\7zstudy\cpp\7zip\bundles\alone\debug\alone.tlog\cl.command.1.tlog
d:\github\7zstudy\cpp\7zip\bundles\alone\debug\alone.tlog\cl.read.1.tlog
d:\github\7zstudy\cpp\7zip\bundles\alone\debug\alone.tlog\cl.write.1.tlog
d:\github\7zstudy\cpp\7zip\bundles\alone\debug\alone.tlog\link.command.1.tlog
d:\github\7zstudy\cpp\7zip\bundles\alone\debug\alone.tlog\link.read.1.tlog
d:\github\7zstudy\cpp\7zip\bundles\alone\debug\alone.tlog\link.write.1.tlog
d:\github\7zstudy\cpp\7zip\bundles\alone\debug\alone.tlog\rc.command.1.tlog
d:\github\7zstudy\cpp\7zip\bundles\alone\debug\alone.tlog\rc.read.1.tlog
d:\github\7zstudy\cpp\7zip\bundles\alone\debug\alone.tlog\rc.write.1.tlog
