d:\github\7zstudy\cpp\7zip\bundles\format7zf\release\7z.lib
d:\github\7zstudy\cpp\7zip\bundles\format7zf\release\7z.exp
d:\github\7zstudy\cpp\7zip\bundles\format7zf\release\format7z.pch
d:\github\7zstudy\cpp\7zip\bundles\format7zf\release\vc120.pdb
d:\github\7zstudy\cpp\7zip\bundles\format7zf\release\stdafx.obj
d:\github\7zstudy\cpp\7zip\bundles\format7zf\release\stdafx.cod
d:\github\7zstudy\cpp\7zip\bundles\format7zf\release\xzin.obj
d:\github\7zstudy\cpp\7zip\bundles\format7zf\release\xzin.cod
d:\github\7zstudy\cpp\7zip\bundles\format7zf\release\xzenc.obj
d:\github\7zstudy\cpp\7zip\bundles\format7zf\release\xzenc.cod
d:\github\7zstudy\cpp\7zip\bundles\format7zf\release\xzdec.obj
d:\github\7zstudy\cpp\7zip\bundles\format7zf\release\xzdec.cod
d:\github\7zstudy\cpp\7zip\bundles\format7zf\release\xz.obj
d:\github\7zstudy\cpp\7zip\bundles\format7zf\release\xz.cod
d:\github\7zstudy\cpp\7zip\bundles\format7zf\release\threads.obj
d:\github\7zstudy\cpp\7zip\bundles\format7zf\release\threads.cod
d:\github\7zstudy\cpp\7zip\bundles\format7zf\release\mtcoder.obj
d:\github\7zstudy\cpp\7zip\bundles\format7zf\release\mtcoder.cod
d:\github\7zstudy\cpp\7zip\bundles\format7zf\release\delta.obj
d:\github\7zstudy\cpp\7zip\bundles\format7zf\release\delta.cod
d:\github\7zstudy\cpp\7zip\bundles\format7zf\release\cpuarch.obj
d:\github\7zstudy\cpp\7zip\bundles\format7zf\release\cpuarch.cod
d:\github\7zstudy\cpp\7zip\bundles\format7zf\release\alloc.obj
d:\github\7zstudy\cpp\7zip\bundles\format7zf\release\alloc.cod
d:\github\7zstudy\cpp\7zip\bundles\format7zf\release\7zstream.obj
d:\github\7zstudy\cpp\7zip\bundles\format7zf\release\7zstream.cod
d:\github\7zstudy\cpp\7zip\bundles\format7zf\release\7zbuf2.obj
d:\github\7zstudy\cpp\7zip\bundles\format7zf\release\7zbuf2.cod
d:\github\7zstudy\cpp\7zip\bundles\format7zf\release\ppmd8.obj
d:\github\7zstudy\cpp\7zip\bundles\format7zf\release\ppmd8.cod
d:\github\7zstudy\cpp\7zip\bundles\format7zf\release\ppmd7enc.obj
d:\github\7zstudy\cpp\7zip\bundles\format7zf\release\ppmd7enc.cod
d:\github\7zstudy\cpp\7zip\bundles\format7zf\release\ppmd7dec.obj
d:\github\7zstudy\cpp\7zip\bundles\format7zf\release\ppmd7dec.cod
d:\github\7zstudy\cpp\7zip\bundles\format7zf\release\ppmd7.obj
d:\github\7zstudy\cpp\7zip\bundles\format7zf\release\ppmd7.cod
d:\github\7zstudy\cpp\7zip\bundles\format7zf\release\lzmaenc.obj
d:\github\7zstudy\cpp\7zip\bundles\format7zf\release\lzmaenc.cod
d:\github\7zstudy\cpp\7zip\bundles\format7zf\release\lzmadec.obj
d:\github\7zstudy\cpp\7zip\bundles\format7zf\release\lzmadec.cod
d:\github\7zstudy\cpp\7zip\bundles\format7zf\release\lzma2enc.obj
d:\github\7zstudy\cpp\7zip\bundles\format7zf\release\lzma2enc.cod
d:\github\7zstudy\cpp\7zip\bundles\format7zf\release\lzma2dec.obj
d:\github\7zstudy\cpp\7zip\bundles\format7zf\release\lzma2dec.cod
d:\github\7zstudy\cpp\7zip\bundles\format7zf\release\lzfindmt.obj
d:\github\7zstudy\cpp\7zip\bundles\format7zf\release\lzfindmt.cod
d:\github\7zstudy\cpp\7zip\bundles\format7zf\release\lzfind.obj
d:\github\7zstudy\cpp\7zip\bundles\format7zf\release\lzfind.cod
d:\github\7zstudy\cpp\7zip\bundles\format7zf\release\huffenc.obj
d:\github\7zstudy\cpp\7zip\bundles\format7zf\release\huffenc.cod
d:\github\7zstudy\cpp\7zip\bundles\format7zf\release\bwtsort.obj
d:\github\7zstudy\cpp\7zip\bundles\format7zf\release\bwtsort.cod
d:\github\7zstudy\cpp\7zip\bundles\format7zf\release\braia64.obj
d:\github\7zstudy\cpp\7zip\bundles\format7zf\release\braia64.cod
d:\github\7zstudy\cpp\7zip\bundles\format7zf\release\bra86.obj
d:\github\7zstudy\cpp\7zip\bundles\format7zf\release\bra86.cod
d:\github\7zstudy\cpp\7zip\bundles\format7zf\release\bra.obj
d:\github\7zstudy\cpp\7zip\bundles\format7zf\release\bra.cod
d:\github\7zstudy\cpp\7zip\bundles\format7zf\release\blake2s.obj
d:\github\7zstudy\cpp\7zip\bundles\format7zf\release\blake2s.cod
d:\github\7zstudy\cpp\7zip\bundles\format7zf\release\bcj2enc.obj
d:\github\7zstudy\cpp\7zip\bundles\format7zf\release\bcj2enc.cod
d:\github\7zstudy\cpp\7zip\bundles\format7zf\release\bcj2.obj
d:\github\7zstudy\cpp\7zip\bundles\format7zf\release\bcj2.cod
d:\github\7zstudy\cpp\7zip\bundles\format7zf\release\aes.obj
d:\github\7zstudy\cpp\7zip\bundles\format7zf\release\aes.cod
d:\github\7zstudy\cpp\7zip\bundles\format7zf\release\7zcrc.obj
d:\github\7zstudy\cpp\7zip\bundles\format7zf\release\7zcrc.cod
d:\github\7zstudy\cpp\7zip\bundles\format7zf\release\xzcrc64opt.obj
d:\github\7zstudy\cpp\7zip\bundles\format7zf\release\xzcrc64opt.cod
d:\github\7zstudy\cpp\7zip\bundles\format7zf\release\xzcrc64.obj
d:\github\7zstudy\cpp\7zip\bundles\format7zf\release\xzcrc64.cod
d:\github\7zstudy\cpp\7zip\bundles\format7zf\release\sort.obj
d:\github\7zstudy\cpp\7zip\bundles\format7zf\release\sort.cod
d:\github\7zstudy\cpp\7zip\bundles\format7zf\release\sha256.obj
d:\github\7zstudy\cpp\7zip\bundles\format7zf\release\sha256.cod
d:\github\7zstudy\cpp\7zip\bundles\format7zf\release\sha1.obj
d:\github\7zstudy\cpp\7zip\bundles\format7zf\release\sha1.cod
d:\github\7zstudy\cpp\7zip\bundles\format7zf\release\ppmd8enc.obj
d:\github\7zstudy\cpp\7zip\bundles\format7zf\release\ppmd8enc.cod
d:\github\7zstudy\cpp\7zip\bundles\format7zf\release\ppmd8dec.obj
d:\github\7zstudy\cpp\7zip\bundles\format7zf\release\ppmd8dec.cod
d:\github\7zstudy\cpp\7zip\bundles\format7zf\release\fileio.obj
d:\github\7zstudy\cpp\7zip\bundles\format7zf\release\fileio.cod
d:\github\7zstudy\cpp\7zip\bundles\format7zf\release\filefind.obj
d:\github\7zstudy\cpp\7zip\bundles\format7zf\release\filefind.cod
d:\github\7zstudy\cpp\7zip\bundles\format7zf\release\filedir.obj
d:\github\7zstudy\cpp\7zip\bundles\format7zf\release\filedir.cod
d:\github\7zstudy\cpp\7zip\bundles\format7zf\release\xzcrc64reg.obj
d:\github\7zstudy\cpp\7zip\bundles\format7zf\release\xzcrc64reg.cod
d:\github\7zstudy\cpp\7zip\bundles\format7zf\release\wildcard.obj
d:\github\7zstudy\cpp\7zip\bundles\format7zf\release\wildcard.cod
d:\github\7zstudy\cpp\7zip\bundles\format7zf\release\utfconvert.obj
d:\github\7zstudy\cpp\7zip\bundles\format7zf\release\utfconvert.cod
d:\github\7zstudy\cpp\7zip\bundles\format7zf\release\stringtoint.obj
d:\github\7zstudy\cpp\7zip\bundles\format7zf\release\stringtoint.cod
d:\github\7zstudy\cpp\7zip\bundles\format7zf\release\stringconvert.obj
d:\github\7zstudy\cpp\7zip\bundles\format7zf\release\stringconvert.cod
d:\github\7zstudy\cpp\7zip\bundles\format7zf\release\sha256reg.obj
d:\github\7zstudy\cpp\7zip\bundles\format7zf\release\sha256reg.cod
d:\github\7zstudy\cpp\7zip\bundles\format7zf\release\sha1reg.obj
d:\github\7zstudy\cpp\7zip\bundles\format7zf\release\sha1reg.cod
d:\github\7zstudy\cpp\7zip\bundles\format7zf\release\newhandler.obj
d:\github\7zstudy\cpp\7zip\bundles\format7zf\release\newhandler.cod
d:\github\7zstudy\cpp\7zip\bundles\format7zf\release\myxml.obj
d:\github\7zstudy\cpp\7zip\bundles\format7zf\release\myxml.cod
d:\github\7zstudy\cpp\7zip\bundles\format7zf\release\mywindows.obj
d:\github\7zstudy\cpp\7zip\bundles\format7zf\release\mywindows.cod
d:\github\7zstudy\cpp\7zip\bundles\format7zf\release\myvector.obj
d:\github\7zstudy\cpp\7zip\bundles\format7zf\release\myvector.cod
d:\github\7zstudy\cpp\7zip\bundles\format7zf\release\mystring.obj
d:\github\7zstudy\cpp\7zip\bundles\format7zf\release\mystring.cod
d:\github\7zstudy\cpp\7zip\bundles\format7zf\release\mymap.obj
d:\github\7zstudy\cpp\7zip\bundles\format7zf\release\mymap.cod
d:\github\7zstudy\cpp\7zip\bundles\format7zf\release\inttostring.obj
d:\github\7zstudy\cpp\7zip\bundles\format7zf\release\inttostring.cod
d:\github\7zstudy\cpp\7zip\bundles\format7zf\release\dynlimbuf.obj
d:\github\7zstudy\cpp\7zip\bundles\format7zf\release\dynlimbuf.cod
d:\github\7zstudy\cpp\7zip\bundles\format7zf\release\crcreg.obj
d:\github\7zstudy\cpp\7zip\bundles\format7zf\release\crcreg.cod
d:\github\7zstudy\cpp\7zip\bundles\format7zf\release\crc.obj
d:\github\7zstudy\cpp\7zip\bundles\format7zf\release\crc.cod
d:\github\7zstudy\cpp\7zip\bundles\format7zf\release\7zupdate.obj
d:\github\7zstudy\cpp\7zip\bundles\format7zf\release\7zupdate.cod
d:\github\7zstudy\cpp\7zip\bundles\format7zf\release\7zspecstream.obj
d:\github\7zstudy\cpp\7zip\bundles\format7zf\release\7zspecstream.cod
d:\github\7zstudy\cpp\7zip\bundles\format7zf\release\7zregister.obj
d:\github\7zstudy\cpp\7zip\bundles\format7zf\release\7zregister.cod
d:\github\7zstudy\cpp\7zip\bundles\format7zf\release\7zproperties.obj
d:\github\7zstudy\cpp\7zip\bundles\format7zf\release\7zproperties.cod
d:\github\7zstudy\cpp\7zip\bundles\format7zf\release\7zout.obj
d:\github\7zstudy\cpp\7zip\bundles\format7zf\release\7zout.cod
d:\github\7zstudy\cpp\7zip\bundles\format7zf\release\7zin.obj
d:\github\7zstudy\cpp\7zip\bundles\format7zf\release\7zin.cod
d:\github\7zstudy\cpp\7zip\bundles\format7zf\release\7zheader.obj
d:\github\7zstudy\cpp\7zip\bundles\format7zf\release\7zheader.cod
d:\github\7zstudy\cpp\7zip\bundles\format7zf\release\7zhandlerout.obj
d:\github\7zstudy\cpp\7zip\bundles\format7zf\release\7zhandlerout.cod
d:\github\7zstudy\cpp\7zip\bundles\format7zf\release\7zhandler.obj
d:\github\7zstudy\cpp\7zip\bundles\format7zf\release\7zhandler.cod
d:\github\7zstudy\cpp\7zip\bundles\format7zf\release\7zfolderinstream.obj
d:\github\7zstudy\cpp\7zip\bundles\format7zf\release\7zfolderinstream.cod
d:\github\7zstudy\cpp\7zip\bundles\format7zf\release\7zextract.obj
d:\github\7zstudy\cpp\7zip\bundles\format7zf\release\7zextract.cod
d:\github\7zstudy\cpp\7zip\bundles\format7zf\release\7zencode.obj
d:\github\7zstudy\cpp\7zip\bundles\format7zf\release\7zencode.cod
d:\github\7zstudy\cpp\7zip\bundles\format7zf\release\7zdecode.obj
d:\github\7zstudy\cpp\7zip\bundles\format7zf\release\7zdecode.cod
d:\github\7zstudy\cpp\7zip\bundles\format7zf\release\7zcompressionmode.obj
d:\github\7zstudy\cpp\7zip\bundles\format7zf\release\7zcompressionmode.cod
d:\github\7zstudy\cpp\7zip\bundles\format7zf\release\timeutils.obj
d:\github\7zstudy\cpp\7zip\bundles\format7zf\release\timeutils.cod
d:\github\7zstudy\cpp\7zip\bundles\format7zf\release\system.obj
d:\github\7zstudy\cpp\7zip\bundles\format7zf\release\system.cod
d:\github\7zstudy\cpp\7zip\bundles\format7zf\release\synchronization.obj
d:\github\7zstudy\cpp\7zip\bundles\format7zf\release\synchronization.cod
d:\github\7zstudy\cpp\7zip\bundles\format7zf\release\propvariantutils.obj
d:\github\7zstudy\cpp\7zip\bundles\format7zf\release\propvariantutils.cod
d:\github\7zstudy\cpp\7zip\bundles\format7zf\release\propvariant.obj
d:\github\7zstudy\cpp\7zip\bundles\format7zf\release\propvariant.cod
d:\github\7zstudy\cpp\7zip\bundles\format7zf\release\filename.obj
d:\github\7zstudy\cpp\7zip\bundles\format7zf\release\filename.cod
d:\github\7zstudy\cpp\7zip\bundles\format7zf\release\multistream.obj
d:\github\7zstudy\cpp\7zip\bundles\format7zf\release\multistream.cod
d:\github\7zstudy\cpp\7zip\bundles\format7zf\release\itemnameutils.obj
d:\github\7zstudy\cpp\7zip\bundles\format7zf\release\itemnameutils.cod
d:\github\7zstudy\cpp\7zip\bundles\format7zf\release\instreamwithcrc.obj
d:\github\7zstudy\cpp\7zip\bundles\format7zf\release\instreamwithcrc.cod
d:\github\7zstudy\cpp\7zip\bundles\format7zf\release\handlerout.obj
d:\github\7zstudy\cpp\7zip\bundles\format7zf\release\handlerout.cod
d:\github\7zstudy\cpp\7zip\bundles\format7zf\release\findsignature.obj
d:\github\7zstudy\cpp\7zip\bundles\format7zf\release\findsignature.cod
d:\github\7zstudy\cpp\7zip\bundles\format7zf\release\dummyoutstream.obj
d:\github\7zstudy\cpp\7zip\bundles\format7zf\release\dummyoutstream.cod
d:\github\7zstudy\cpp\7zip\bundles\format7zf\release\codermixer2.obj
d:\github\7zstudy\cpp\7zip\bundles\format7zf\release\codermixer2.cod
d:\github\7zstudy\cpp\7zip\bundles\format7zf\release\comhandler.obj
d:\github\7zstudy\cpp\7zip\bundles\format7zf\release\comhandler.cod
d:\github\7zstudy\cpp\7zip\bundles\format7zf\release\chmin.obj
d:\github\7zstudy\cpp\7zip\bundles\format7zf\release\chmin.cod
d:\github\7zstudy\cpp\7zip\bundles\format7zf\release\chmhandler.obj
d:\github\7zstudy\cpp\7zip\bundles\format7zf\release\chmhandler.cod
d:\github\7zstudy\cpp\7zip\bundles\format7zf\release\cabregister.obj
d:\github\7zstudy\cpp\7zip\bundles\format7zf\release\cabregister.cod
d:\github\7zstudy\cpp\7zip\bundles\format7zf\release\cabin.obj
d:\github\7zstudy\cpp\7zip\bundles\format7zf\release\cabin.cod
d:\github\7zstudy\cpp\7zip\bundles\format7zf\release\cabheader.obj
d:\github\7zstudy\cpp\7zip\bundles\format7zf\release\cabheader.cod
d:\github\7zstudy\cpp\7zip\bundles\format7zf\release\cabhandler.obj
d:\github\7zstudy\cpp\7zip\bundles\format7zf\release\cabhandler.cod
d:\github\7zstudy\cpp\7zip\bundles\format7zf\release\cabblockinstream.obj
d:\github\7zstudy\cpp\7zip\bundles\format7zf\release\cabblockinstream.cod
d:\github\7zstudy\cpp\7zip\bundles\format7zf\release\bz2handler.obj
d:\github\7zstudy\cpp\7zip\bundles\format7zf\release\bz2handler.cod
d:\github\7zstudy\cpp\7zip\bundles\format7zf\release\arjhandler.obj
d:\github\7zstudy\cpp\7zip\bundles\format7zf\release\arjhandler.cod
d:\github\7zstudy\cpp\7zip\bundles\format7zf\release\arhandler.obj
d:\github\7zstudy\cpp\7zip\bundles\format7zf\release\arhandler.cod
d:\github\7zstudy\cpp\7zip\bundles\format7zf\release\archiveexports.obj
d:\github\7zstudy\cpp\7zip\bundles\format7zf\release\archiveexports.cod
d:\github\7zstudy\cpp\7zip\bundles\format7zf\release\apmhandler.obj
d:\github\7zstudy\cpp\7zip\bundles\format7zf\release\apmhandler.cod
d:\github\7zstudy\cpp\7zip\bundles\format7zf\release\isoin.obj
d:\github\7zstudy\cpp\7zip\bundles\format7zf\release\isoin.cod
d:\github\7zstudy\cpp\7zip\bundles\format7zf\release\isoheader.obj
d:\github\7zstudy\cpp\7zip\bundles\format7zf\release\isoheader.cod
d:\github\7zstudy\cpp\7zip\bundles\format7zf\release\isohandler.obj
d:\github\7zstudy\cpp\7zip\bundles\format7zf\release\isohandler.cod
d:\github\7zstudy\cpp\7zip\bundles\format7zf\release\ihexhandler.obj
d:\github\7zstudy\cpp\7zip\bundles\format7zf\release\ihexhandler.cod
d:\github\7zstudy\cpp\7zip\bundles\format7zf\release\hfshandler.obj
d:\github\7zstudy\cpp\7zip\bundles\format7zf\release\hfshandler.cod
d:\github\7zstudy\cpp\7zip\bundles\format7zf\release\handlercont.obj
d:\github\7zstudy\cpp\7zip\bundles\format7zf\release\handlercont.cod
d:\github\7zstudy\cpp\7zip\bundles\format7zf\release\gzhandler.obj
d:\github\7zstudy\cpp\7zip\bundles\format7zf\release\gzhandler.cod
d:\github\7zstudy\cpp\7zip\bundles\format7zf\release\gpthandler.obj
d:\github\7zstudy\cpp\7zip\bundles\format7zf\release\gpthandler.cod
d:\github\7zstudy\cpp\7zip\bundles\format7zf\release\flvhandler.obj
d:\github\7zstudy\cpp\7zip\bundles\format7zf\release\flvhandler.cod
d:\github\7zstudy\cpp\7zip\bundles\format7zf\release\fathandler.obj
d:\github\7zstudy\cpp\7zip\bundles\format7zf\release\fathandler.cod
d:\github\7zstudy\cpp\7zip\bundles\format7zf\release\exthandler.obj
d:\github\7zstudy\cpp\7zip\bundles\format7zf\release\exthandler.cod
d:\github\7zstudy\cpp\7zip\bundles\format7zf\release\elfhandler.obj
d:\github\7zstudy\cpp\7zip\bundles\format7zf\release\elfhandler.cod
d:\github\7zstudy\cpp\7zip\bundles\format7zf\release\dmghandler.obj
d:\github\7zstudy\cpp\7zip\bundles\format7zf\release\dmghandler.cod
d:\github\7zstudy\cpp\7zip\bundles\format7zf\release\dllexports2.obj
d:\github\7zstudy\cpp\7zip\bundles\format7zf\release\dllexports2.cod
d:\github\7zstudy\cpp\7zip\bundles\format7zf\release\deflateprops.obj
d:\github\7zstudy\cpp\7zip\bundles\format7zf\release\deflateprops.cod
d:\github\7zstudy\cpp\7zip\bundles\format7zf\release\cramfshandler.obj
d:\github\7zstudy\cpp\7zip\bundles\format7zf\release\cramfshandler.cod
d:\github\7zstudy\cpp\7zip\bundles\format7zf\release\cpiohandler.obj
d:\github\7zstudy\cpp\7zip\bundles\format7zf\release\cpiohandler.cod
d:\github\7zstudy\cpp\7zip\bundles\format7zf\release\parseproperties.obj
d:\github\7zstudy\cpp\7zip\bundles\format7zf\release\parseproperties.cod
d:\github\7zstudy\cpp\7zip\bundles\format7zf\release\outstreamwithsha1.obj
d:\github\7zstudy\cpp\7zip\bundles\format7zf\release\outstreamwithsha1.cod
d:\github\7zstudy\cpp\7zip\bundles\format7zf\release\outstreamwithcrc.obj
d:\github\7zstudy\cpp\7zip\bundles\format7zf\release\outstreamwithcrc.cod
d:\github\7zstudy\cpp\7zip\bundles\format7zf\release\swfhandler.obj
d:\github\7zstudy\cpp\7zip\bundles\format7zf\release\swfhandler.cod
d:\github\7zstudy\cpp\7zip\bundles\format7zf\release\squashfshandler.obj
d:\github\7zstudy\cpp\7zip\bundles\format7zf\release\squashfshandler.cod
d:\github\7zstudy\cpp\7zip\bundles\format7zf\release\splithandler.obj
d:\github\7zstudy\cpp\7zip\bundles\format7zf\release\splithandler.cod
d:\github\7zstudy\cpp\7zip\bundles\format7zf\release\rpmhandler.obj
d:\github\7zstudy\cpp\7zip\bundles\format7zf\release\rpmhandler.cod
d:\github\7zstudy\cpp\7zip\bundles\format7zf\release\rarhandler.obj
d:\github\7zstudy\cpp\7zip\bundles\format7zf\release\rarhandler.cod
d:\github\7zstudy\cpp\7zip\bundles\format7zf\release\rar5handler.obj
d:\github\7zstudy\cpp\7zip\bundles\format7zf\release\rar5handler.cod
d:\github\7zstudy\cpp\7zip\bundles\format7zf\release\qcowhandler.obj
d:\github\7zstudy\cpp\7zip\bundles\format7zf\release\qcowhandler.cod
d:\github\7zstudy\cpp\7zip\bundles\format7zf\release\pehandler.obj
d:\github\7zstudy\cpp\7zip\bundles\format7zf\release\pehandler.cod
d:\github\7zstudy\cpp\7zip\bundles\format7zf\release\ntfshandler.obj
d:\github\7zstudy\cpp\7zip\bundles\format7zf\release\ntfshandler.cod
d:\github\7zstudy\cpp\7zip\bundles\format7zf\release\nsisregister.obj
d:\github\7zstudy\cpp\7zip\bundles\format7zf\release\nsisregister.cod
d:\github\7zstudy\cpp\7zip\bundles\format7zf\release\nsisin.obj
d:\github\7zstudy\cpp\7zip\bundles\format7zf\release\nsisin.cod
d:\github\7zstudy\cpp\7zip\bundles\format7zf\release\nsishandler.obj
d:\github\7zstudy\cpp\7zip\bundles\format7zf\release\nsishandler.cod
d:\github\7zstudy\cpp\7zip\bundles\format7zf\release\nsisdecode.obj
d:\github\7zstudy\cpp\7zip\bundles\format7zf\release\nsisdecode.cod
d:\github\7zstudy\cpp\7zip\bundles\format7zf\release\mubhandler.obj
d:\github\7zstudy\cpp\7zip\bundles\format7zf\release\mubhandler.cod
d:\github\7zstudy\cpp\7zip\bundles\format7zf\release\mslzhandler.obj
d:\github\7zstudy\cpp\7zip\bundles\format7zf\release\mslzhandler.cod
d:\github\7zstudy\cpp\7zip\bundles\format7zf\release\mbrhandler.obj
d:\github\7zstudy\cpp\7zip\bundles\format7zf\release\mbrhandler.cod
d:\github\7zstudy\cpp\7zip\bundles\format7zf\release\machohandler.obj
d:\github\7zstudy\cpp\7zip\bundles\format7zf\release\machohandler.cod
d:\github\7zstudy\cpp\7zip\bundles\format7zf\release\lzmahandler.obj
d:\github\7zstudy\cpp\7zip\bundles\format7zf\release\lzmahandler.cod
d:\github\7zstudy\cpp\7zip\bundles\format7zf\release\lzhhandler.obj
d:\github\7zstudy\cpp\7zip\bundles\format7zf\release\lzhhandler.cod
d:\github\7zstudy\cpp\7zip\bundles\format7zf\release\isoregister.obj
d:\github\7zstudy\cpp\7zip\bundles\format7zf\release\isoregister.cod
d:\github\7zstudy\cpp\7zip\bundles\format7zf\release\zhandler.obj
d:\github\7zstudy\cpp\7zip\bundles\format7zf\release\zhandler.cod
d:\github\7zstudy\cpp\7zip\bundles\format7zf\release\xzhandler.obj
d:\github\7zstudy\cpp\7zip\bundles\format7zf\release\xzhandler.cod
d:\github\7zstudy\cpp\7zip\bundles\format7zf\release\xarhandler.obj
d:\github\7zstudy\cpp\7zip\bundles\format7zf\release\xarhandler.cod
d:\github\7zstudy\cpp\7zip\bundles\format7zf\release\wimregister.obj
d:\github\7zstudy\cpp\7zip\bundles\format7zf\release\wimregister.cod
d:\github\7zstudy\cpp\7zip\bundles\format7zf\release\wimin.obj
d:\github\7zstudy\cpp\7zip\bundles\format7zf\release\wimin.cod
d:\github\7zstudy\cpp\7zip\bundles\format7zf\release\wimhandlerout.obj
d:\github\7zstudy\cpp\7zip\bundles\format7zf\release\wimhandlerout.cod
d:\github\7zstudy\cpp\7zip\bundles\format7zf\release\wimhandler.obj
d:\github\7zstudy\cpp\7zip\bundles\format7zf\release\wimhandler.cod
d:\github\7zstudy\cpp\7zip\bundles\format7zf\release\vmdkhandler.obj
d:\github\7zstudy\cpp\7zip\bundles\format7zf\release\vmdkhandler.cod
d:\github\7zstudy\cpp\7zip\bundles\format7zf\release\vhdhandler.obj
d:\github\7zstudy\cpp\7zip\bundles\format7zf\release\vhdhandler.cod
d:\github\7zstudy\cpp\7zip\bundles\format7zf\release\vdihandler.obj
d:\github\7zstudy\cpp\7zip\bundles\format7zf\release\vdihandler.cod
d:\github\7zstudy\cpp\7zip\bundles\format7zf\release\uefihandler.obj
d:\github\7zstudy\cpp\7zip\bundles\format7zf\release\uefihandler.cod
d:\github\7zstudy\cpp\7zip\bundles\format7zf\release\udfin.obj
d:\github\7zstudy\cpp\7zip\bundles\format7zf\release\udfin.cod
d:\github\7zstudy\cpp\7zip\bundles\format7zf\release\udfhandler.obj
d:\github\7zstudy\cpp\7zip\bundles\format7zf\release\udfhandler.cod
d:\github\7zstudy\cpp\7zip\bundles\format7zf\release\tarupdate.obj
d:\github\7zstudy\cpp\7zip\bundles\format7zf\release\tarupdate.cod
d:\github\7zstudy\cpp\7zip\bundles\format7zf\release\tarregister.obj
d:\github\7zstudy\cpp\7zip\bundles\format7zf\release\tarregister.cod
d:\github\7zstudy\cpp\7zip\bundles\format7zf\release\tarout.obj
d:\github\7zstudy\cpp\7zip\bundles\format7zf\release\tarout.cod
d:\github\7zstudy\cpp\7zip\bundles\format7zf\release\tarin.obj
d:\github\7zstudy\cpp\7zip\bundles\format7zf\release\tarin.cod
d:\github\7zstudy\cpp\7zip\bundles\format7zf\release\tarheader.obj
d:\github\7zstudy\cpp\7zip\bundles\format7zf\release\tarheader.cod
d:\github\7zstudy\cpp\7zip\bundles\format7zf\release\tarhandlerout.obj
d:\github\7zstudy\cpp\7zip\bundles\format7zf\release\tarhandlerout.cod
d:\github\7zstudy\cpp\7zip\bundles\format7zf\release\tarhandler.obj
d:\github\7zstudy\cpp\7zip\bundles\format7zf\release\tarhandler.cod
d:\github\7zstudy\cpp\7zip\bundles\format7zf\release\outmemstream.obj
d:\github\7zstudy\cpp\7zip\bundles\format7zf\release\outmemstream.cod
d:\github\7zstudy\cpp\7zip\bundles\format7zf\release\outbuffer.obj
d:\github\7zstudy\cpp\7zip\bundles\format7zf\release\outbuffer.cod
d:\github\7zstudy\cpp\7zip\bundles\format7zf\release\offsetstream.obj
d:\github\7zstudy\cpp\7zip\bundles\format7zf\release\offsetstream.cod
d:\github\7zstudy\cpp\7zip\bundles\format7zf\release\methodprops.obj
d:\github\7zstudy\cpp\7zip\bundles\format7zf\release\methodprops.cod
d:\github\7zstudy\cpp\7zip\bundles\format7zf\release\methodid.obj
d:\github\7zstudy\cpp\7zip\bundles\format7zf\release\methodid.cod
d:\github\7zstudy\cpp\7zip\bundles\format7zf\release\memblocks.obj
d:\github\7zstudy\cpp\7zip\bundles\format7zf\release\memblocks.cod
d:\github\7zstudy\cpp\7zip\bundles\format7zf\release\limitedstreams.obj
d:\github\7zstudy\cpp\7zip\bundles\format7zf\release\limitedstreams.cod
d:\github\7zstudy\cpp\7zip\bundles\format7zf\release\inouttempbuffer.obj
d:\github\7zstudy\cpp\7zip\bundles\format7zf\release\inouttempbuffer.cod
d:\github\7zstudy\cpp\7zip\bundles\format7zf\release\inbuffer.obj
d:\github\7zstudy\cpp\7zip\bundles\format7zf\release\inbuffer.cod
d:\github\7zstudy\cpp\7zip\bundles\format7zf\release\filtercoder.obj
d:\github\7zstudy\cpp\7zip\bundles\format7zf\release\filtercoder.cod
d:\github\7zstudy\cpp\7zip\bundles\format7zf\release\cwrappers.obj
d:\github\7zstudy\cpp\7zip\bundles\format7zf\release\cwrappers.cod
d:\github\7zstudy\cpp\7zip\bundles\format7zf\release\createcoder.obj
d:\github\7zstudy\cpp\7zip\bundles\format7zf\release\createcoder.cod
d:\github\7zstudy\cpp\7zip\bundles\format7zf\release\zipupdate.obj
d:\github\7zstudy\cpp\7zip\bundles\format7zf\release\zipupdate.cod
d:\github\7zstudy\cpp\7zip\bundles\format7zf\release\zipregister.obj
d:\github\7zstudy\cpp\7zip\bundles\format7zf\release\zipregister.cod
d:\github\7zstudy\cpp\7zip\bundles\format7zf\release\zipout.obj
d:\github\7zstudy\cpp\7zip\bundles\format7zf\release\zipout.cod
d:\github\7zstudy\cpp\7zip\bundles\format7zf\release\zipitem.obj
d:\github\7zstudy\cpp\7zip\bundles\format7zf\release\zipitem.cod
d:\github\7zstudy\cpp\7zip\bundles\format7zf\release\zipin.obj
d:\github\7zstudy\cpp\7zip\bundles\format7zf\release\zipin.cod
d:\github\7zstudy\cpp\7zip\bundles\format7zf\release\ziphandlerout.obj
d:\github\7zstudy\cpp\7zip\bundles\format7zf\release\ziphandlerout.cod
d:\github\7zstudy\cpp\7zip\bundles\format7zf\release\ziphandler.obj
d:\github\7zstudy\cpp\7zip\bundles\format7zf\release\ziphandler.cod
d:\github\7zstudy\cpp\7zip\bundles\format7zf\release\zipaddcommon.obj
d:\github\7zstudy\cpp\7zip\bundles\format7zf\release\zipaddcommon.cod
d:\github\7zstudy\cpp\7zip\bundles\format7zf\release\codecexports.obj
d:\github\7zstudy\cpp\7zip\bundles\format7zf\release\codecexports.cod
d:\github\7zstudy\cpp\7zip\bundles\format7zf\release\bzip2register.obj
d:\github\7zstudy\cpp\7zip\bundles\format7zf\release\bzip2register.cod
d:\github\7zstudy\cpp\7zip\bundles\format7zf\release\bzip2encoder.obj
d:\github\7zstudy\cpp\7zip\bundles\format7zf\release\bzip2encoder.cod
d:\github\7zstudy\cpp\7zip\bundles\format7zf\release\bzip2decoder.obj
d:\github\7zstudy\cpp\7zip\bundles\format7zf\release\bzip2decoder.cod
d:\github\7zstudy\cpp\7zip\bundles\format7zf\release\bzip2crc.obj
d:\github\7zstudy\cpp\7zip\bundles\format7zf\release\bzip2crc.cod
d:\github\7zstudy\cpp\7zip\bundles\format7zf\release\byteswap.obj
d:\github\7zstudy\cpp\7zip\bundles\format7zf\release\byteswap.cod
d:\github\7zstudy\cpp\7zip\bundles\format7zf\release\branchregister.obj
d:\github\7zstudy\cpp\7zip\bundles\format7zf\release\branchregister.cod
d:\github\7zstudy\cpp\7zip\bundles\format7zf\release\branchmisc.obj
d:\github\7zstudy\cpp\7zip\bundles\format7zf\release\branchmisc.cod
d:\github\7zstudy\cpp\7zip\bundles\format7zf\release\bitldecoder.obj
d:\github\7zstudy\cpp\7zip\bundles\format7zf\release\bitldecoder.cod
d:\github\7zstudy\cpp\7zip\bundles\format7zf\release\bcjregister.obj
d:\github\7zstudy\cpp\7zip\bundles\format7zf\release\bcjregister.cod
d:\github\7zstudy\cpp\7zip\bundles\format7zf\release\bcjcoder.obj
d:\github\7zstudy\cpp\7zip\bundles\format7zf\release\bcjcoder.cod
d:\github\7zstudy\cpp\7zip\bundles\format7zf\release\bcj2register.obj
d:\github\7zstudy\cpp\7zip\bundles\format7zf\release\bcj2register.cod
d:\github\7zstudy\cpp\7zip\bundles\format7zf\release\virtthread.obj
d:\github\7zstudy\cpp\7zip\bundles\format7zf\release\virtthread.cod
d:\github\7zstudy\cpp\7zip\bundles\format7zf\release\uniqblocks.obj
d:\github\7zstudy\cpp\7zip\bundles\format7zf\release\uniqblocks.cod
d:\github\7zstudy\cpp\7zip\bundles\format7zf\release\streamutils.obj
d:\github\7zstudy\cpp\7zip\bundles\format7zf\release\streamutils.cod
d:\github\7zstudy\cpp\7zip\bundles\format7zf\release\streamobjects.obj
d:\github\7zstudy\cpp\7zip\bundles\format7zf\release\streamobjects.cod
d:\github\7zstudy\cpp\7zip\bundles\format7zf\release\streambinder.obj
d:\github\7zstudy\cpp\7zip\bundles\format7zf\release\streambinder.cod
d:\github\7zstudy\cpp\7zip\bundles\format7zf\release\propid.obj
d:\github\7zstudy\cpp\7zip\bundles\format7zf\release\propid.cod
d:\github\7zstudy\cpp\7zip\bundles\format7zf\release\progressutils.obj
d:\github\7zstudy\cpp\7zip\bundles\format7zf\release\progressutils.cod
d:\github\7zstudy\cpp\7zip\bundles\format7zf\release\progressmt.obj
d:\github\7zstudy\cpp\7zip\bundles\format7zf\release\progressmt.cod
d:\github\7zstudy\cpp\7zip\bundles\format7zf\release\quantumdecoder.obj
d:\github\7zstudy\cpp\7zip\bundles\format7zf\release\quantumdecoder.cod
d:\github\7zstudy\cpp\7zip\bundles\format7zf\release\ppmdzip.obj
d:\github\7zstudy\cpp\7zip\bundles\format7zf\release\ppmdzip.cod
d:\github\7zstudy\cpp\7zip\bundles\format7zf\release\ppmdregister.obj
d:\github\7zstudy\cpp\7zip\bundles\format7zf\release\ppmdregister.cod
d:\github\7zstudy\cpp\7zip\bundles\format7zf\release\lzoutwindow.obj
d:\github\7zstudy\cpp\7zip\bundles\format7zf\release\lzoutwindow.cod
d:\github\7zstudy\cpp\7zip\bundles\format7zf\release\lzmaregister.obj
d:\github\7zstudy\cpp\7zip\bundles\format7zf\release\lzmaregister.cod
d:\github\7zstudy\cpp\7zip\bundles\format7zf\release\lzmaencoder.obj
d:\github\7zstudy\cpp\7zip\bundles\format7zf\release\lzmaencoder.cod
d:\github\7zstudy\cpp\7zip\bundles\format7zf\release\lzmadecoder.obj
d:\github\7zstudy\cpp\7zip\bundles\format7zf\release\lzmadecoder.cod
d:\github\7zstudy\cpp\7zip\bundles\format7zf\release\lzma2register.obj
d:\github\7zstudy\cpp\7zip\bundles\format7zf\release\lzma2register.cod
d:\github\7zstudy\cpp\7zip\bundles\format7zf\release\lzma2encoder.obj
d:\github\7zstudy\cpp\7zip\bundles\format7zf\release\lzma2encoder.cod
d:\github\7zstudy\cpp\7zip\bundles\format7zf\release\lzma2decoder.obj
d:\github\7zstudy\cpp\7zip\bundles\format7zf\release\lzma2decoder.cod
d:\github\7zstudy\cpp\7zip\bundles\format7zf\release\lzhdecoder.obj
d:\github\7zstudy\cpp\7zip\bundles\format7zf\release\lzhdecoder.cod
d:\github\7zstudy\cpp\7zip\bundles\format7zf\release\implodehuffmandecoder.obj
d:\github\7zstudy\cpp\7zip\bundles\format7zf\release\implodehuffmandecoder.cod
d:\github\7zstudy\cpp\7zip\bundles\format7zf\release\implodedecoder.obj
d:\github\7zstudy\cpp\7zip\bundles\format7zf\release\implodedecoder.cod
d:\github\7zstudy\cpp\7zip\bundles\format7zf\release\deltafilter.obj
d:\github\7zstudy\cpp\7zip\bundles\format7zf\release\deltafilter.cod
d:\github\7zstudy\cpp\7zip\bundles\format7zf\release\deflateregister.obj
d:\github\7zstudy\cpp\7zip\bundles\format7zf\release\deflateregister.cod
d:\github\7zstudy\cpp\7zip\bundles\format7zf\release\deflateencoder.obj
d:\github\7zstudy\cpp\7zip\bundles\format7zf\release\deflateencoder.cod
d:\github\7zstudy\cpp\7zip\bundles\format7zf\release\deflatedecoder.obj
d:\github\7zstudy\cpp\7zip\bundles\format7zf\release\deflatedecoder.cod
d:\github\7zstudy\cpp\7zip\bundles\format7zf\release\deflate64register.obj
d:\github\7zstudy\cpp\7zip\bundles\format7zf\release\deflate64register.cod
d:\github\7zstudy\cpp\7zip\bundles\format7zf\release\copyregister.obj
d:\github\7zstudy\cpp\7zip\bundles\format7zf\release\copyregister.cod
d:\github\7zstudy\cpp\7zip\bundles\format7zf\release\copycoder.obj
d:\github\7zstudy\cpp\7zip\bundles\format7zf\release\copycoder.cod
d:\github\7zstudy\cpp\7zip\bundles\format7zf\release\wzaes.obj
d:\github\7zstudy\cpp\7zip\bundles\format7zf\release\wzaes.cod
d:\github\7zstudy\cpp\7zip\bundles\format7zf\release\raraes.obj
d:\github\7zstudy\cpp\7zip\bundles\format7zf\release\raraes.cod
d:\github\7zstudy\cpp\7zip\bundles\format7zf\release\rar5aes.obj
d:\github\7zstudy\cpp\7zip\bundles\format7zf\release\rar5aes.cod
d:\github\7zstudy\cpp\7zip\bundles\format7zf\release\myaesreg.obj
d:\github\7zstudy\cpp\7zip\bundles\format7zf\release\myaesreg.cod
d:\github\7zstudy\cpp\7zip\bundles\format7zf\release\myaes.obj
d:\github\7zstudy\cpp\7zip\bundles\format7zf\release\myaes.cod
d:\github\7zstudy\cpp\7zip\bundles\format7zf\release\hmacsha256.obj
d:\github\7zstudy\cpp\7zip\bundles\format7zf\release\hmacsha256.cod
d:\github\7zstudy\cpp\7zip\bundles\format7zf\release\7zaesregister.obj
d:\github\7zstudy\cpp\7zip\bundles\format7zf\release\7zaesregister.cod
d:\github\7zstudy\cpp\7zip\bundles\format7zf\release\7zaes.obj
d:\github\7zstudy\cpp\7zip\bundles\format7zf\release\7zaes.cod
d:\github\7zstudy\cpp\7zip\bundles\format7zf\release\zlibencoder.obj
d:\github\7zstudy\cpp\7zip\bundles\format7zf\release\zlibencoder.cod
d:\github\7zstudy\cpp\7zip\bundles\format7zf\release\zlibdecoder.obj
d:\github\7zstudy\cpp\7zip\bundles\format7zf\release\zlibdecoder.cod
d:\github\7zstudy\cpp\7zip\bundles\format7zf\release\zdecoder.obj
d:\github\7zstudy\cpp\7zip\bundles\format7zf\release\zdecoder.cod
d:\github\7zstudy\cpp\7zip\bundles\format7zf\release\shrinkdecoder.obj
d:\github\7zstudy\cpp\7zip\bundles\format7zf\release\shrinkdecoder.cod
d:\github\7zstudy\cpp\7zip\bundles\format7zf\release\rarcodecsregister.obj
d:\github\7zstudy\cpp\7zip\bundles\format7zf\release\rarcodecsregister.cod
d:\github\7zstudy\cpp\7zip\bundles\format7zf\release\rar3vm.obj
d:\github\7zstudy\cpp\7zip\bundles\format7zf\release\rar3vm.cod
d:\github\7zstudy\cpp\7zip\bundles\format7zf\release\rar2decoder.obj
d:\github\7zstudy\cpp\7zip\bundles\format7zf\release\rar2decoder.cod
d:\github\7zstudy\cpp\7zip\bundles\format7zf\release\rar1decoder.obj
d:\github\7zstudy\cpp\7zip\bundles\format7zf\release\rar1decoder.cod
d:\github\7zstudy\cpp\7zip\bundles\format7zf\release\zipstrong.obj
d:\github\7zstudy\cpp\7zip\bundles\format7zf\release\zipstrong.cod
d:\github\7zstudy\cpp\7zip\bundles\format7zf\release\zipcrypto.obj
d:\github\7zstudy\cpp\7zip\bundles\format7zf\release\zipcrypto.cod
d:\github\7zstudy\cpp\7zip\bundles\format7zf\release\rar20crypto.obj
d:\github\7zstudy\cpp\7zip\bundles\format7zf\release\rar20crypto.cod
d:\github\7zstudy\cpp\7zip\bundles\format7zf\release\randgen.obj
d:\github\7zstudy\cpp\7zip\bundles\format7zf\release\randgen.cod
d:\github\7zstudy\cpp\7zip\bundles\format7zf\release\pbkdf2hmacsha1.obj
d:\github\7zstudy\cpp\7zip\bundles\format7zf\release\pbkdf2hmacsha1.cod
d:\github\7zstudy\cpp\7zip\bundles\format7zf\release\hmacsha1.obj
d:\github\7zstudy\cpp\7zip\bundles\format7zf\release\hmacsha1.cod
d:\github\7zstudy\cpp\7zip\bundles\format7zf\release\xpressdecoder.obj
d:\github\7zstudy\cpp\7zip\bundles\format7zf\release\xpressdecoder.cod
d:\github\7zstudy\cpp\7zip\bundles\format7zf\release\rar5decoder.obj
d:\github\7zstudy\cpp\7zip\bundles\format7zf\release\rar5decoder.cod
d:\github\7zstudy\cpp\7zip\bundles\format7zf\release\rar3decoder.obj
d:\github\7zstudy\cpp\7zip\bundles\format7zf\release\rar3decoder.cod
d:\github\7zstudy\cpp\7zip\bundles\format7zf\release\ppmdencoder.obj
d:\github\7zstudy\cpp\7zip\bundles\format7zf\release\ppmdencoder.cod
d:\github\7zstudy\cpp\7zip\bundles\format7zf\release\ppmddecoder.obj
d:\github\7zstudy\cpp\7zip\bundles\format7zf\release\ppmddecoder.cod
d:\github\7zstudy\cpp\7zip\bundles\format7zf\release\lzxdecoder.obj
d:\github\7zstudy\cpp\7zip\bundles\format7zf\release\lzxdecoder.cod
d:\github\7zstudy\cpp\7zip\bundles\format7zf\release\lzmsdecoder.obj
d:\github\7zstudy\cpp\7zip\bundles\format7zf\release\lzmsdecoder.cod
d:\github\7zstudy\cpp\7zip\bundles\format7zf\release\bcj2coder.obj
d:\github\7zstudy\cpp\7zip\bundles\format7zf\release\bcj2coder.cod
d:\github\7zstudy\cpp\7zip\bundles\format7zf\release\ppmdhandler.obj
d:\github\7zstudy\cpp\7zip\bundles\format7zf\release\ppmdhandler.cod
d:\github\7zstudy\cpp\7zip\bundles\format7zf\release\7zcrcopt.obj
d:\github\7zstudy\cpp\7zip\bundles\format7zf\release\aesopt.obj
c:\util\7z.dll
d:\github\7zstudy\cpp\7zip\bundles\format7zf\release\resource.res
d:\github\7zstudy\cpp\7zip\bundles\format7zf\release\7z.tlog\7z.write.1u.tlog
d:\github\7zstudy\cpp\7zip\bundles\format7zf\release\7z.tlog\cl.command.1.tlog
d:\github\7zstudy\cpp\7zip\bundles\format7zf\release\7z.tlog\cl.read.1.tlog
d:\github\7zstudy\cpp\7zip\bundles\format7zf\release\7z.tlog\cl.read.2.tlog
d:\github\7zstudy\cpp\7zip\bundles\format7zf\release\7z.tlog\cl.read.3.tlog
d:\github\7zstudy\cpp\7zip\bundles\format7zf\release\7z.tlog\cl.read.4.tlog
d:\github\7zstudy\cpp\7zip\bundles\format7zf\release\7z.tlog\cl.read.5.tlog
d:\github\7zstudy\cpp\7zip\bundles\format7zf\release\7z.tlog\cl.write.1.tlog
d:\github\7zstudy\cpp\7zip\bundles\format7zf\release\7z.tlog\custombuild.command.1.tlog
d:\github\7zstudy\cpp\7zip\bundles\format7zf\release\7z.tlog\custombuild.read.1.tlog
d:\github\7zstudy\cpp\7zip\bundles\format7zf\release\7z.tlog\custombuild.write.1.tlog
d:\github\7zstudy\cpp\7zip\bundles\format7zf\release\7z.tlog\link.command.1.tlog
d:\github\7zstudy\cpp\7zip\bundles\format7zf\release\7z.tlog\link.read.1.tlog
d:\github\7zstudy\cpp\7zip\bundles\format7zf\release\7z.tlog\link.write.1.tlog
d:\github\7zstudy\cpp\7zip\bundles\format7zf\release\7z.tlog\rc.command.1.tlog
d:\github\7zstudy\cpp\7zip\bundles\format7zf\release\7z.tlog\rc.read.1.tlog
d:\github\7zstudy\cpp\7zip\bundles\format7zf\release\7z.tlog\rc.write.1.tlog
